
<!DOCTYPE html>
<html>


<head>
	<meta charset='UTF-8' /> 
	<meta name='description' content='' />
	<meta name='robots' content='noodp, noydir' />
	<meta name='viewport' content='width=device-width, initial-scale=1' />
	<meta id="timeStampFormat" name="timeStampFormat" content='MMM d, yyyy hh:mm:ss a'/>
	
	<link href='https://fonts.googleapis.com/css?family=Source+Sans+Pro:400,600' rel='stylesheet' type='text/css'>
	<link href="https://fonts.googleapis.com/icon?family=Material+Icons" rel="stylesheet">

		<link href='https://cdn.rawgit.com/anshooarora/extentreports-java/b4a58fcfd1e137bd9287244035a7c80d3d73b3af/dist/css/extent.css' type='text/css' rel='stylesheet' />
	
	<title>carguide - Cucumber Framework</title>

	<style type='text/css'>
			
            

      
        
	</style>
</head>

	<body class='extent dark default hide-overflow bdd-report'>
		<div id='theme-selector' alt='Click to toggle theme. To enable by default, use theme configuration.' title='Click to toggle theme. To enable by default, use theme configuration.'>
			<span><i class='material-icons'>desktop_windows</i></span>
		</div>

<nav>
	<div class="nav-wrapper">
		<a href="#!" class="brand-logo blue darken-3">Extent</a>

		<!-- slideout menu -->
		<ul id='slide-out' class='side-nav fixed hide-on-med-and-down'>
			<li class='waves-effect active'><a href='#!' view='test-view' onclick="configureView(0);chartsView('test');"><i class='material-icons'>dashboard</i></a></li>
						<li class='waves-effect'><a href='#!' view='category-view' onclick="configureView(1)"><i class='material-icons'>label_outline</i></a></li>
			<li class='waves-effect'><a href='#!' view='exception-view' onclick="configureView(2)"><i class='material-icons'>bug_report</i></a></li>
			<li class='waves-effect'><a href='#!' onclick="configureView(-1);chartsView('dashboard');" view='dashboard-view'><i class='material-icons'>track_changes</i></i></a></li>
		</ul>

		<!-- report name -->
		<span class='report-name'>Cucumber Report By Harshit Patel</span>
		
		<!-- report headline -->
		<span class='report-headline'></span>

		<!-- nav-right -->
		<ul id='nav-mobile' class='right hide-on-med-and-down nav-right'>
			<li>
                <a href='#!'>
                    <span class='label suite-start-time blue darken-3'>Dec 23, 2022 08:57:59 PM</span>
				</a>
			</li>
			<li>
                <a href='#!'>
                    <span class='label blue darken-3'>3.1.2</span>
				</a>
			</li>
		</ul>
	</div>
</nav>

		<!-- container -->
		<div class='container'>

<div id='test-view' class='view'>
				
	<section id='controls'>
		<div class='controls grey lighten-4'>
			<!-- test toggle -->
			<div class='chip transparent'>
				<a class='dropdown-button tests-toggle' data-activates='tests-toggle' data-constrainwidth='true' data-beloworigin='true' data-hover='true' href='#'>
					<i class='material-icons'>warning</i> Status
				</a>
				<ul id='tests-toggle' class='dropdown-content'>
											<li status='pass'><a href='#!'>Pass <i class='material-icons green-text'>check_circle</i></a></li>
						<li status='fail'><a href='#!'>Fail <i class='material-icons red-text'>cancel</i></a></li>
						<li status='skip'><a href='#!'>Skip <i class='material-icons cyan-text'>redo</i></a></li>
					<li class='divider'></li>
					<li status='clear' clear='true'><a href='#!'>Clear Filters <i class='material-icons'>clear</i></a></li>
				</ul>
			</div>
			<!-- test toggle -->

			<!-- category toggle -->
			<div class='chip transparent'>
				<a class='dropdown-button category-toggle' data-activates='category-toggle' data-constrainwidth='false' data-beloworigin='true' data-hover='true' href='#'>
					<i class='material-icons'>local_offer</i> Category
				</a>
				<ul id='category-toggle' class='dropdown-content'>
					<li><a href='#'>@regression</a></li>
					<li><a href='#'>@sanity</a></li>
					<li><a href='#'>@smoke</a></li>
					<li class='divider'></li>
					<li class='clear'><a href='#!' clear='true'>Clear Filters</a></li>
				</ul>
			</div>
			<!-- category toggle -->

			<!-- clear filters -->
			<div class='chip transparent hide'>
				<a class='' id='clear-filters' alt='Clear Filters' title='Clear Filters'>
					<i class='material-icons'>close</i> Clear
				</a>
			</div>
			<!-- clear filters -->

			<!-- enable dashboard -->
			<div id='toggle-test-view-charts' class='chip transparent'>
				<a class='pink-text' id='enable-dashboard' alt='Enable Dashboard' title='Enable Dashboard'>
					<i class='material-icons'>track_changes</i> Dashboard
				</a>
			</div>
			<!-- enable dashboard -->

			<!-- search -->
			<div class='chip transparent' alt='Search Tests' title='Search Tests'>
				<a href="#" class='search-div'>
					<i class='material-icons'>search</i> Search
				</a>

				<div class='input-field left hide'>
					<input id='search-tests' type='text' class='validate browser-default' placeholder='Search Tests...'>
				</div>
				
			</div>
			<!-- search -->
		</div>
	</section>


<div id='test-view-charts' class='subview-full'>
	<div id='charts-row' class='row nm-v nm-h'>
		<div class='col s12 m4 l4 np-h'>
			<div class='card-panel nm-v'>
				<div class='left panel-name'>Features</div>
				<div class='chart-box'>
					<canvas id='parent-analysis' width='100' height='80'></canvas>
				</div>
				<div class='block text-small'>
					<span class='tooltipped' data-position='top' data-tooltip='0%'><span class='strong'>0</span> feature(s) passed</span>
				</div>
				<div class='block text-small'>
					<span class='strong tooltipped' data-position='top' data-tooltip='100%'>2</span> feature(s) failed, <span class='strong tooltipped' data-position='top' data-tooltip='0%'>0</span> others
				</div>
			</div>
		</div>
		
		<div class='col s12 m4 l4 np-h'>
			<div class='card-panel nm-v'>
				<div class='left panel-name'>Scenarios</div>
				<div class='chart-box'>
					<canvas id='child-analysis' width='100' height='80'></canvas>
				</div>
				<div class='block text-small'>
					<span class='tooltipped' data-position='top' data-tooltip='61.905%'><span class='strong'>13</span> scenario(s) passed</span>
				</div>
				<div class='block text-small'>
					<span class='strong tooltipped' data-position='top' data-tooltip='38.095%'>8</span> scenario(s) failed, <span class='strong tooltipped' data-position='top' data-tooltip='0%'>0</span> others
				</div>
			</div>
		</div>
		
		<div class='col s12 m4 l4 np-h'>
			<div class='card-panel nm-v'>
				<div class='left panel-name'>Steps</div>
				<div class='chart-box'>
					<canvas id='grandchild-analysis' width='100' height='80'></canvas>
				</div>
				<div class='block text-small'>
					<span class='tooltipped' data-position='top' data-tooltip='74.286%'><span class='strong'>130</span> step(s) passed</span>
				</div>
				<div class='block text-small'>
					<span class='strong tooltipped' data-position='top' data-tooltip='4.571%'>8</span> step(s) failed, <span class='strong tooltipped' data-position='top' data-tooltip='21.143%'>37</span> others
				</div>
			</div>
		</div>
	</div>
</div>

	<div class='subview-left left'>
		
		<div class='view-summary'>
			<h5>Features</h5>
			<ul id='test-collection' class='test-collection'>
				
				
				<li class='test displayed active has-leaf fail' status='fail' bdd='true' test-id='1'>
					<div class='test-heading'>
						<span class='test-name'>Search functionality</span>
						<span class='test-time'>Dec 23, 2022 08:58:00 PM</span>
						<span class='test-status right fail'>fail</span>
					</div>
					<div class='test-content hide'>
<div class='scenariooutline node' test-id='2' status='fail'>
	<span class='duration right label'>0h 2m 19s+543ms</span>
	<div class='desc'>
		<b>ScenarioOutline</b>
		<span class="desc-text">Search the buy car with model</span>
	</div>
	<ul class='steps'>
		<li test-id='3' class='node scenario pass' status='pass'>
			<div class='category-list'>
				<span class='category label white-text'>@regression</span>
				<span class='category label white-text'>@sanity</span>
			</div>
			
			<b>Scenario</b>
			
			<span class="bdd-step-name">Search the buy car with model</span>
			
				<ul class='steps'>
					<li test-id='4' class='node given pass' status='pass'><b>Given</b>
						<span class="bdd-step-name">Given I am on homepage</span>
							<div class='pre'>passed</div>
					</li>
					<li test-id='5' class='node when pass' status='pass'><b>When</b>
						<span class="bdd-step-name">When I mouse hover on “buy+sell” tab</span>
							<div class='pre'>passed</div>
					</li>
					<li test-id='6' class='node and pass' status='pass'><b>And</b>
						<span class="bdd-step-name">And I click ‘Search Cars’ link</span>
							<div class='pre'>passed</div>
					</li>
					<li test-id='7' class='node then pass' status='pass'><b>Then</b>
						<span class="bdd-step-name">Then I navigate to ‘new and used car search’ page</span>
							<div class='pre'>passed</div>
					</li>
					<li test-id='8' class='node and pass' status='pass'><b>And</b>
						<span class="bdd-step-name">And I select make "Audi"</span>
							<div class='pre'>passed</div>
					</li>
					<li test-id='9' class='node and pass' status='pass'><b>And</b>
						<span class="bdd-step-name">And I select model "A8"</span>
							<div class='pre'>passed</div>
					</li>
					<li test-id='10' class='node and pass' status='pass'><b>And</b>
						<span class="bdd-step-name">And I select location "QLD - Brisbane"</span>
							<div class='pre'>passed</div>
					</li>
					<li test-id='11' class='node and pass' status='pass'><b>And</b>
						<span class="bdd-step-name">And I select price "$80,000"</span>
							<div class='pre'>passed</div>
					</li>
					<li test-id='12' class='node and pass' status='pass'><b>And</b>
						<span class="bdd-step-name">And I click on Find My Next Car tab</span>
							<div class='pre'>passed</div>
					</li>
					<li test-id='13' class='node then pass' status='pass'><b>Then</b>
						<span class="bdd-step-name">Then I should see the make "Audi" in results</span>
							<div class='pre'>passed</div>
					</li>
				</ul>
		</li>
		<li test-id='14' class='node scenario fail' status='fail'>
			<div class='category-list'>
				<span class='category label white-text'>@regression</span>
				<span class='category label white-text'>@sanity</span>
			</div>
			
			<b>Scenario</b>
			
			<span class="bdd-step-name">Search the buy car with model</span>
			
				<ul class='steps'>
					<li test-id='15' class='node given pass' status='pass'><b>Given</b>
						<span class="bdd-step-name">Given I am on homepage</span>
							<div class='pre'>passed</div>
					</li>
					<li test-id='16' class='node when pass' status='pass'><b>When</b>
						<span class="bdd-step-name">When I mouse hover on “buy+sell” tab</span>
							<div class='pre'>passed</div>
					</li>
					<li test-id='17' class='node and pass' status='pass'><b>And</b>
						<span class="bdd-step-name">And I click ‘Search Cars’ link</span>
							<div class='pre'>passed</div>
					</li>
					<li test-id='18' class='node then pass' status='pass'><b>Then</b>
						<span class="bdd-step-name">Then I navigate to ‘new and used car search’ page</span>
							<div class='pre'>passed</div>
					</li>
					<li test-id='19' class='node and fail' status='fail'><b>And</b>
						<span class="bdd-step-name">And I select make "Honda"</span>
							<div class='pre'><textarea>org.openqa.selenium.StaleElementReferenceException: stale element reference: element is not attached to the page document
  (Session info: chrome=108.0.5359.125)
For documentation on this error, please visit: https://selenium.dev/exceptions/#stale_element_reference
Build info: version: '4.6.0', revision: '79f1c02ae20'
System info: os.name: 'Windows 10', os.arch: 'amd64', os.version: '10.0', java.version: '1.8.0_121'
Driver info: org.openqa.selenium.chrome.ChromeDriver
Command: [a668dd8faf72224f954cf82f4b4d66ae, getElementTagName {id=6ba765c8-c558-4b81-9417-9d58efd2a757}]
Capabilities {acceptInsecureCerts: false, browserName: chrome, browserVersion: 108.0.5359.125, chrome: {chromedriverVersion: 108.0.5359.71 (1e0e3868ee06..., userDataDir: C:\Users\harsp\AppData\Loca...}, goog:chromeOptions: {debuggerAddress: localhost:49196}, networkConnectionEnabled: false, pageLoadStrategy: normal, platformName: WINDOWS, proxy: Proxy(), se:cdp: ws://localhost:49196/devtoo..., se:cdpVersion: 108.0.5359.125, setWindowRect: true, strictFileInteractability: false, timeouts: {implicit: 0, pageLoad: 300000, script: 30000}, unhandledPromptBehavior: dismiss and notify, webauthn:extension:credBlob: true, webauthn:extension:largeBlob: true, webauthn:virtualAuthenticators: true}
Element: [[ChromeDriver: chrome on WINDOWS (a668dd8faf72224f954cf82f4b4d66ae)] -> xpath: //select[@id='makes']]
Session ID: a668dd8faf72224f954cf82f4b4d66ae
	at sun.reflect.NativeConstructorAccessorImpl.newInstance0(Native Method)
	at sun.reflect.NativeConstructorAccessorImpl.newInstance(NativeConstructorAccessorImpl.java:62)
	at sun.reflect.DelegatingConstructorAccessorImpl.newInstance(DelegatingConstructorAccessorImpl.java:45)
	at java.lang.reflect.Constructor.newInstance(Constructor.java:423)
	at org.openqa.selenium.remote.codec.w3c.W3CHttpResponseCodec.createException(W3CHttpResponseCodec.java:200)
	at org.openqa.selenium.remote.codec.w3c.W3CHttpResponseCodec.decode(W3CHttpResponseCodec.java:133)
	at org.openqa.selenium.remote.codec.w3c.W3CHttpResponseCodec.decode(W3CHttpResponseCodec.java:53)
	at org.openqa.selenium.remote.HttpCommandExecutor.execute(HttpCommandExecutor.java:184)
	at org.openqa.selenium.remote.service.DriverCommandExecutor.invokeExecute(DriverCommandExecutor.java:167)
	at org.openqa.selenium.remote.service.DriverCommandExecutor.execute(DriverCommandExecutor.java:142)
	at org.openqa.selenium.remote.RemoteWebDriver.execute(RemoteWebDriver.java:541)
	at org.openqa.selenium.remote.RemoteWebElement.execute(RemoteWebElement.java:257)
	at org.openqa.selenium.remote.RemoteWebElement.getTagName(RemoteWebElement.java:137)
	at sun.reflect.NativeMethodAccessorImpl.invoke0(Native Method)
	at sun.reflect.NativeMethodAccessorImpl.invoke(NativeMethodAccessorImpl.java:62)
	at sun.reflect.DelegatingMethodAccessorImpl.invoke(DelegatingMethodAccessorImpl.java:43)
	at java.lang.reflect.Method.invoke(Method.java:498)
	at org.openqa.selenium.support.pagefactory.internal.LocatingElementHandler.invoke(LocatingElementHandler.java:52)
	at com.sun.proxy.$Proxy23.getTagName(Unknown Source)
	at org.openqa.selenium.support.ui.Select.<init>(Select.java:46)
	at au.com.carguide.utility.Utility.selectByVisibleTextFromDropDown(Utility.java:149)
	at au.com.carguide.pages.BuyPage.selectMake(BuyPage.java:79)
	at au.com.carguide.steps.BuySteps.iSelectMake(BuySteps.java:36)
	at ✽.And I select make "Honda"(buy.feature:10)
</textarea></div>
					</li>
					<li test-id='20' class='node and skip' status='skip'><b>And</b>
						<span class="bdd-step-name">And I select model "CR-V"</span>
							<div class='pre'>skipped</div>
					</li>
					<li test-id='21' class='node and skip' status='skip'><b>And</b>
						<span class="bdd-step-name">And I select location "VIC - Melbourne"</span>
							<div class='pre'>skipped</div>
					</li>
					<li test-id='22' class='node and skip' status='skip'><b>And</b>
						<span class="bdd-step-name">And I select price "$30,000"</span>
							<div class='pre'>skipped</div>
					</li>
					<li test-id='23' class='node and skip' status='skip'><b>And</b>
						<span class="bdd-step-name">And I click on Find My Next Car tab</span>
							<div class='pre'>skipped</div>
					</li>
					<li test-id='24' class='node then skip' status='skip'><b>Then</b>
						<span class="bdd-step-name">Then I should see the make "Honda" in results</span>
						<ul class='screenshots right'>
							<li><a data-featherlight="image" href="C:\Users\harsp\IdeaProjects\Cucumber\p5-sw6-cargurus-harshit-patel/src/main/java/com/demo/nopcommerce/screenshots/Search_the_buy_car_with_model20221223085833.png"><i class='material-icons'>panorama</i></a></li>
						</ul>
							<div class='pre'>skipped</div>
					</li>
				</ul>
		</li>
		<li test-id='25' class='node scenario fail' status='fail'>
			<div class='category-list'>
				<span class='category label white-text'>@regression</span>
				<span class='category label white-text'>@sanity</span>
			</div>
			
			<b>Scenario</b>
			
			<span class="bdd-step-name">Search the buy car with model</span>
			
				<ul class='steps'>
					<li test-id='26' class='node given pass' status='pass'><b>Given</b>
						<span class="bdd-step-name">Given I am on homepage</span>
							<div class='pre'>passed</div>
					</li>
					<li test-id='27' class='node when pass' status='pass'><b>When</b>
						<span class="bdd-step-name">When I mouse hover on “buy+sell” tab</span>
							<div class='pre'>passed</div>
					</li>
					<li test-id='28' class='node and pass' status='pass'><b>And</b>
						<span class="bdd-step-name">And I click ‘Search Cars’ link</span>
							<div class='pre'>passed</div>
					</li>
					<li test-id='29' class='node then pass' status='pass'><b>Then</b>
						<span class="bdd-step-name">Then I navigate to ‘new and used car search’ page</span>
							<div class='pre'>passed</div>
					</li>
					<li test-id='30' class='node and fail' status='fail'><b>And</b>
						<span class="bdd-step-name">And I select make "BMW"</span>
							<div class='pre'><textarea>org.openqa.selenium.StaleElementReferenceException: stale element reference: element is not attached to the page document
  (Session info: chrome=108.0.5359.125)
For documentation on this error, please visit: https://selenium.dev/exceptions/#stale_element_reference
Build info: version: '4.6.0', revision: '79f1c02ae20'
System info: os.name: 'Windows 10', os.arch: 'amd64', os.version: '10.0', java.version: '1.8.0_121'
Driver info: org.openqa.selenium.chrome.ChromeDriver
Command: [5eb171776afd7ce1f8e9c99c331670d1, getElementTagName {id=2d7d07a0-ce84-400f-b027-a96d937bf589}]
Capabilities {acceptInsecureCerts: false, browserName: chrome, browserVersion: 108.0.5359.125, chrome: {chromedriverVersion: 108.0.5359.71 (1e0e3868ee06..., userDataDir: C:\Users\harsp\AppData\Loca...}, goog:chromeOptions: {debuggerAddress: localhost:49369}, networkConnectionEnabled: false, pageLoadStrategy: normal, platformName: WINDOWS, proxy: Proxy(), se:cdp: ws://localhost:49369/devtoo..., se:cdpVersion: 108.0.5359.125, setWindowRect: true, strictFileInteractability: false, timeouts: {implicit: 0, pageLoad: 300000, script: 30000}, unhandledPromptBehavior: dismiss and notify, webauthn:extension:credBlob: true, webauthn:extension:largeBlob: true, webauthn:virtualAuthenticators: true}
Element: [[ChromeDriver: chrome on WINDOWS (5eb171776afd7ce1f8e9c99c331670d1)] -> xpath: //select[@id='makes']]
Session ID: 5eb171776afd7ce1f8e9c99c331670d1
	at sun.reflect.NativeConstructorAccessorImpl.newInstance0(Native Method)
	at sun.reflect.NativeConstructorAccessorImpl.newInstance(NativeConstructorAccessorImpl.java:62)
	at sun.reflect.DelegatingConstructorAccessorImpl.newInstance(DelegatingConstructorAccessorImpl.java:45)
	at java.lang.reflect.Constructor.newInstance(Constructor.java:423)
	at org.openqa.selenium.remote.codec.w3c.W3CHttpResponseCodec.createException(W3CHttpResponseCodec.java:200)
	at org.openqa.selenium.remote.codec.w3c.W3CHttpResponseCodec.decode(W3CHttpResponseCodec.java:133)
	at org.openqa.selenium.remote.codec.w3c.W3CHttpResponseCodec.decode(W3CHttpResponseCodec.java:53)
	at org.openqa.selenium.remote.HttpCommandExecutor.execute(HttpCommandExecutor.java:184)
	at org.openqa.selenium.remote.service.DriverCommandExecutor.invokeExecute(DriverCommandExecutor.java:167)
	at org.openqa.selenium.remote.service.DriverCommandExecutor.execute(DriverCommandExecutor.java:142)
	at org.openqa.selenium.remote.RemoteWebDriver.execute(RemoteWebDriver.java:541)
	at org.openqa.selenium.remote.RemoteWebElement.execute(RemoteWebElement.java:257)
	at org.openqa.selenium.remote.RemoteWebElement.getTagName(RemoteWebElement.java:137)
	at sun.reflect.NativeMethodAccessorImpl.invoke0(Native Method)
	at sun.reflect.NativeMethodAccessorImpl.invoke(NativeMethodAccessorImpl.java:62)
	at sun.reflect.DelegatingMethodAccessorImpl.invoke(DelegatingMethodAccessorImpl.java:43)
	at java.lang.reflect.Method.invoke(Method.java:498)
	at org.openqa.selenium.support.pagefactory.internal.LocatingElementHandler.invoke(LocatingElementHandler.java:52)
	at com.sun.proxy.$Proxy23.getTagName(Unknown Source)
	at org.openqa.selenium.support.ui.Select.<init>(Select.java:46)
	at au.com.carguide.utility.Utility.selectByVisibleTextFromDropDown(Utility.java:149)
	at au.com.carguide.pages.BuyPage.selectMake(BuyPage.java:79)
	at au.com.carguide.steps.BuySteps.iSelectMake(BuySteps.java:36)
	at ✽.And I select make "BMW"(buy.feature:10)
</textarea></div>
					</li>
					<li test-id='31' class='node and skip' status='skip'><b>And</b>
						<span class="bdd-step-name">And I select model "7 Series"</span>
							<div class='pre'>skipped</div>
					</li>
					<li test-id='32' class='node and skip' status='skip'><b>And</b>
						<span class="bdd-step-name">And I select location "NSW - Sydney"</span>
							<div class='pre'>skipped</div>
					</li>
					<li test-id='33' class='node and skip' status='skip'><b>And</b>
						<span class="bdd-step-name">And I select price "$70,000"</span>
							<div class='pre'>skipped</div>
					</li>
					<li test-id='34' class='node and skip' status='skip'><b>And</b>
						<span class="bdd-step-name">And I click on Find My Next Car tab</span>
							<div class='pre'>skipped</div>
					</li>
					<li test-id='35' class='node then skip' status='skip'><b>Then</b>
						<span class="bdd-step-name">Then I should see the make "BMW" in results</span>
						<ul class='screenshots right'>
							<li><a data-featherlight="image" href="C:\Users\harsp\IdeaProjects\Cucumber\p5-sw6-cargurus-harshit-patel/src/main/java/com/demo/nopcommerce/screenshots/Search_the_buy_car_with_model20221223085848.png"><i class='material-icons'>panorama</i></a></li>
						</ul>
							<div class='pre'>skipped</div>
					</li>
				</ul>
		</li>
		<li test-id='36' class='node scenario fail' status='fail'>
			<div class='category-list'>
				<span class='category label white-text'>@regression</span>
				<span class='category label white-text'>@sanity</span>
			</div>
			
			<b>Scenario</b>
			
			<span class="bdd-step-name">Search the buy car with model</span>
			
				<ul class='steps'>
					<li test-id='37' class='node given pass' status='pass'><b>Given</b>
						<span class="bdd-step-name">Given I am on homepage</span>
							<div class='pre'>passed</div>
					</li>
					<li test-id='38' class='node when pass' status='pass'><b>When</b>
						<span class="bdd-step-name">When I mouse hover on “buy+sell” tab</span>
							<div class='pre'>passed</div>
					</li>
					<li test-id='39' class='node and pass' status='pass'><b>And</b>
						<span class="bdd-step-name">And I click ‘Search Cars’ link</span>
							<div class='pre'>passed</div>
					</li>
					<li test-id='40' class='node then pass' status='pass'><b>Then</b>
						<span class="bdd-step-name">Then I navigate to ‘new and used car search’ page</span>
							<div class='pre'>passed</div>
					</li>
					<li test-id='41' class='node and fail' status='fail'><b>And</b>
						<span class="bdd-step-name">And I select make "Hyundai"</span>
							<div class='pre'><pre>org.openqa.selenium.StaleElementReferenceException: stale element reference: element is not attached to the page document
  (Session info: chrome=108.0.5359.125)
For documentation on this error, please visit: https://selenium.dev/exceptions/#stale_element_reference
Build info: version: '4.6.0', revision: '79f1c02ae20'
System info: os.name: 'Windows 10', os.arch: 'amd64', os.version: '10.0', java.version: '1.8.0_121'
Driver info: org.openqa.selenium.chrome.ChromeDriver
Command: [e44d0ee23d796b7772cb7e1cb47423e5, findChildElements {id=e55a1de1-b29c-4eb1-9bc5-b167ed8d4225, using=xpath, value=.//option[normalize-space(.) = "Hyundai"]}]
Capabilities {acceptInsecureCerts: false, browserName: chrome, browserVersion: 108.0.5359.125, chrome: {chromedriverVersion: 108.0.5359.71 (1e0e3868ee06..., userDataDir: C:\Users\harsp\AppData\Loca...}, goog:chromeOptions: {debuggerAddress: localhost:49818}, networkConnectionEnabled: false, pageLoadStrategy: normal, platformName: WINDOWS, proxy: Proxy(), se:cdp: ws://localhost:49818/devtoo..., se:cdpVersion: 108.0.5359.125, setWindowRect: true, strictFileInteractability: false, timeouts: {implicit: 0, pageLoad: 300000, script: 30000}, unhandledPromptBehavior: dismiss and notify, webauthn:extension:credBlob: true, webauthn:extension:largeBlob: true, webauthn:virtualAuthenticators: true}
Session ID: e44d0ee23d796b7772cb7e1cb47423e5
	at sun.reflect.NativeConstructorAccessorImpl.newInstance0(Native Method)
	at sun.reflect.NativeConstructorAccessorImpl.newInstance(NativeConstructorAccessorImpl.java:62)
	at sun.reflect.DelegatingConstructorAccessorImpl.newInstance(DelegatingConstructorAccessorImpl.java:45)
	at java.lang.reflect.Constructor.newInstance(Constructor.java:423)
	at org.openqa.selenium.remote.codec.w3c.W3CHttpResponseCodec.createException(W3CHttpResponseCodec.java:200)
	at org.openqa.selenium.remote.codec.w3c.W3CHttpResponseCodec.decode(W3CHttpResponseCodec.java:133)
	at org.openqa.selenium.remote.codec.w3c.W3CHttpResponseCodec.decode(W3CHttpResponseCodec.java:53)
	at org.openqa.selenium.remote.HttpCommandExecutor.execute(HttpCommandExecutor.java:184)
	at org.openqa.selenium.remote.service.DriverCommandExecutor.invokeExecute(DriverCommandExecutor.java:167)
	at org.openqa.selenium.remote.service.DriverCommandExecutor.execute(DriverCommandExecutor.java:142)
	at org.openqa.selenium.remote.RemoteWebDriver.execute(RemoteWebDriver.java:541)
	at org.openqa.selenium.remote.ElementLocation$ElementFinder$2.findElements(ElementLocation.java:179)
	at org.openqa.selenium.remote.ElementLocation.findElements(ElementLocation.java:102)
	at org.openqa.selenium.remote.RemoteWebDriver.findElements(RemoteWebDriver.java:380)
	at org.openqa.selenium.remote.RemoteWebElement.findElements(RemoteWebElement.java:219)
	at sun.reflect.NativeMethodAccessorImpl.invoke0(Native Method)
	at sun.reflect.NativeMethodAccessorImpl.invoke(NativeMethodAccessorImpl.java:62)
	at sun.reflect.DelegatingMethodAccessorImpl.invoke(DelegatingMethodAccessorImpl.java:43)
	at java.lang.reflect.Method.invoke(Method.java:498)
	at org.openqa.selenium.support.pagefactory.internal.LocatingElementHandler.invoke(LocatingElementHandler.java:52)
	at com.sun.proxy.$Proxy23.findElements(Unknown Source)
	at org.openqa.selenium.support.ui.Select.selectByVisibleText(Select.java:116)
	at au.com.carguide.utility.Utility.selectByVisibleTextFromDropDown(Utility.java:149)
	at au.com.carguide.pages.BuyPage.selectMake(BuyPage.java:79)
	at au.com.carguide.steps.BuySteps.iSelectMake(BuySteps.java:36)
	at ✽.And I select make "Hyundai"(buy.feature:10)
</pre></div>
					</li>
					<li test-id='42' class='node and skip' status='skip'><b>And</b>
						<span class="bdd-step-name">And I select model "Genesis"</span>
							<div class='pre'>skipped</div>
					</li>
					<li test-id='43' class='node and skip' status='skip'><b>And</b>
						<span class="bdd-step-name">And I select location "QLD - All"</span>
							<div class='pre'>skipped</div>
					</li>
					<li test-id='44' class='node and skip' status='skip'><b>And</b>
						<span class="bdd-step-name">And I select price "$80,000"</span>
							<div class='pre'>skipped</div>
					</li>
					<li test-id='45' class='node and skip' status='skip'><b>And</b>
						<span class="bdd-step-name">And I click on Find My Next Car tab</span>
							<div class='pre'>skipped</div>
					</li>
					<li test-id='46' class='node then skip' status='skip'><b>Then</b>
						<span class="bdd-step-name">Then I should see the make "Hyundai" in results</span>
						<ul class='screenshots right'>
							<li><a data-featherlight="image" href="C:\Users\harsp\IdeaProjects\Cucumber\p5-sw6-cargurus-harshit-patel/src/main/java/com/demo/nopcommerce/screenshots/Search_the_buy_car_with_model20221223085906.png"><i class='material-icons'>panorama</i></a></li>
						</ul>
							<div class='pre'>skipped</div>
					</li>
				</ul>
		</li>
		<li test-id='47' class='node scenario pass' status='pass'>
			<div class='category-list'>
				<span class='category label white-text'>@regression</span>
				<span class='category label white-text'>@sanity</span>
			</div>
			
			<b>Scenario</b>
			
			<span class="bdd-step-name">Search the buy car with model</span>
			
				<ul class='steps'>
					<li test-id='48' class='node given pass' status='pass'><b>Given</b>
						<span class="bdd-step-name">Given I am on homepage</span>
							<div class='pre'>passed</div>
					</li>
					<li test-id='49' class='node when pass' status='pass'><b>When</b>
						<span class="bdd-step-name">When I mouse hover on “buy+sell” tab</span>
							<div class='pre'>passed</div>
					</li>
					<li test-id='50' class='node and pass' status='pass'><b>And</b>
						<span class="bdd-step-name">And I click ‘Search Cars’ link</span>
							<div class='pre'>passed</div>
					</li>
					<li test-id='51' class='node then pass' status='pass'><b>Then</b>
						<span class="bdd-step-name">Then I navigate to ‘new and used car search’ page</span>
							<div class='pre'>passed</div>
					</li>
					<li test-id='52' class='node and pass' status='pass'><b>And</b>
						<span class="bdd-step-name">And I select make "Kia"</span>
							<div class='pre'>passed</div>
					</li>
					<li test-id='53' class='node and pass' status='pass'><b>And</b>
						<span class="bdd-step-name">And I select model "Grand Carnival"</span>
							<div class='pre'>passed</div>
					</li>
					<li test-id='54' class='node and pass' status='pass'><b>And</b>
						<span class="bdd-step-name">And I select location "WA - Perth"</span>
							<div class='pre'>passed</div>
					</li>
					<li test-id='55' class='node and pass' status='pass'><b>And</b>
						<span class="bdd-step-name">And I select price "$40,000"</span>
							<div class='pre'>passed</div>
					</li>
					<li test-id='56' class='node and pass' status='pass'><b>And</b>
						<span class="bdd-step-name">And I click on Find My Next Car tab</span>
							<div class='pre'>passed</div>
					</li>
					<li test-id='57' class='node then pass' status='pass'><b>Then</b>
						<span class="bdd-step-name">Then I should see the make "Kia" in results</span>
							<div class='pre'>passed</div>
					</li>
				</ul>
		</li>
		<li test-id='58' class='node scenario pass' status='pass'>
			<div class='category-list'>
				<span class='category label white-text'>@regression</span>
				<span class='category label white-text'>@sanity</span>
			</div>
			
			<b>Scenario</b>
			
			<span class="bdd-step-name">Search the buy car with model</span>
			
				<ul class='steps'>
					<li test-id='59' class='node given pass' status='pass'><b>Given</b>
						<span class="bdd-step-name">Given I am on homepage</span>
							<div class='pre'>passed</div>
					</li>
					<li test-id='60' class='node when pass' status='pass'><b>When</b>
						<span class="bdd-step-name">When I mouse hover on “buy+sell” tab</span>
							<div class='pre'>passed</div>
					</li>
					<li test-id='61' class='node and pass' status='pass'><b>And</b>
						<span class="bdd-step-name">And I click ‘Search Cars’ link</span>
							<div class='pre'>passed</div>
					</li>
					<li test-id='62' class='node then pass' status='pass'><b>Then</b>
						<span class="bdd-step-name">Then I navigate to ‘new and used car search’ page</span>
							<div class='pre'>passed</div>
					</li>
					<li test-id='63' class='node and pass' status='pass'><b>And</b>
						<span class="bdd-step-name">And I select make "Audi"</span>
							<div class='pre'>passed</div>
					</li>
					<li test-id='64' class='node and pass' status='pass'><b>And</b>
						<span class="bdd-step-name">And I select model "Q7"</span>
							<div class='pre'>passed</div>
					</li>
					<li test-id='65' class='node and pass' status='pass'><b>And</b>
						<span class="bdd-step-name">And I select location "QLD - Brisbane"</span>
							<div class='pre'>passed</div>
					</li>
					<li test-id='66' class='node and pass' status='pass'><b>And</b>
						<span class="bdd-step-name">And I select price "$100,000"</span>
							<div class='pre'>passed</div>
					</li>
					<li test-id='67' class='node and pass' status='pass'><b>And</b>
						<span class="bdd-step-name">And I click on Find My Next Car tab</span>
							<div class='pre'>passed</div>
					</li>
					<li test-id='68' class='node then pass' status='pass'><b>Then</b>
						<span class="bdd-step-name">Then I should see the make "Audi" in results</span>
							<div class='pre'>passed</div>
					</li>
				</ul>
		</li>
		<li test-id='69' class='node scenario fail' status='fail'>
			<div class='category-list'>
				<span class='category label white-text'>@regression</span>
				<span class='category label white-text'>@sanity</span>
			</div>
			
			<b>Scenario</b>
			
			<span class="bdd-step-name">Search the buy car with model</span>
			
				<ul class='steps'>
					<li test-id='70' class='node given pass' status='pass'><b>Given</b>
						<span class="bdd-step-name">Given I am on homepage</span>
							<div class='pre'>passed</div>
					</li>
					<li test-id='71' class='node when pass' status='pass'><b>When</b>
						<span class="bdd-step-name">When I mouse hover on “buy+sell” tab</span>
							<div class='pre'>passed</div>
					</li>
					<li test-id='72' class='node and pass' status='pass'><b>And</b>
						<span class="bdd-step-name">And I click ‘Search Cars’ link</span>
							<div class='pre'>passed</div>
					</li>
					<li test-id='73' class='node then pass' status='pass'><b>Then</b>
						<span class="bdd-step-name">Then I navigate to ‘new and used car search’ page</span>
							<div class='pre'>passed</div>
					</li>
					<li test-id='74' class='node and fail' status='fail'><b>And</b>
						<span class="bdd-step-name">And I select make "Mercedes-Benz"</span>
							<div class='pre'><textarea>org.openqa.selenium.StaleElementReferenceException: stale element reference: element is not attached to the page document
  (Session info: chrome=108.0.5359.125)
For documentation on this error, please visit: https://selenium.dev/exceptions/#stale_element_reference
Build info: version: '4.6.0', revision: '79f1c02ae20'
System info: os.name: 'Windows 10', os.arch: 'amd64', os.version: '10.0', java.version: '1.8.0_121'
Driver info: org.openqa.selenium.chrome.ChromeDriver
Command: [a80346b605a4331a553dc6ac9cf58ca1, getElementTagName {id=c88efb8a-7289-45b4-8409-68654a7620ff}]
Capabilities {acceptInsecureCerts: false, browserName: chrome, browserVersion: 108.0.5359.125, chrome: {chromedriverVersion: 108.0.5359.71 (1e0e3868ee06..., userDataDir: C:\Users\harsp\AppData\Loca...}, goog:chromeOptions: {debuggerAddress: localhost:50453}, networkConnectionEnabled: false, pageLoadStrategy: normal, platformName: WINDOWS, proxy: Proxy(), se:cdp: ws://localhost:50453/devtoo..., se:cdpVersion: 108.0.5359.125, setWindowRect: true, strictFileInteractability: false, timeouts: {implicit: 0, pageLoad: 300000, script: 30000}, unhandledPromptBehavior: dismiss and notify, webauthn:extension:credBlob: true, webauthn:extension:largeBlob: true, webauthn:virtualAuthenticators: true}
Element: [[ChromeDriver: chrome on WINDOWS (a80346b605a4331a553dc6ac9cf58ca1)] -> xpath: //select[@id='makes']]
Session ID: a80346b605a4331a553dc6ac9cf58ca1
	at sun.reflect.NativeConstructorAccessorImpl.newInstance0(Native Method)
	at sun.reflect.NativeConstructorAccessorImpl.newInstance(NativeConstructorAccessorImpl.java:62)
	at sun.reflect.DelegatingConstructorAccessorImpl.newInstance(DelegatingConstructorAccessorImpl.java:45)
	at java.lang.reflect.Constructor.newInstance(Constructor.java:423)
	at org.openqa.selenium.remote.codec.w3c.W3CHttpResponseCodec.createException(W3CHttpResponseCodec.java:200)
	at org.openqa.selenium.remote.codec.w3c.W3CHttpResponseCodec.decode(W3CHttpResponseCodec.java:133)
	at org.openqa.selenium.remote.codec.w3c.W3CHttpResponseCodec.decode(W3CHttpResponseCodec.java:53)
	at org.openqa.selenium.remote.HttpCommandExecutor.execute(HttpCommandExecutor.java:184)
	at org.openqa.selenium.remote.service.DriverCommandExecutor.invokeExecute(DriverCommandExecutor.java:167)
	at org.openqa.selenium.remote.service.DriverCommandExecutor.execute(DriverCommandExecutor.java:142)
	at org.openqa.selenium.remote.RemoteWebDriver.execute(RemoteWebDriver.java:541)
	at org.openqa.selenium.remote.RemoteWebElement.execute(RemoteWebElement.java:257)
	at org.openqa.selenium.remote.RemoteWebElement.getTagName(RemoteWebElement.java:137)
	at sun.reflect.NativeMethodAccessorImpl.invoke0(Native Method)
	at sun.reflect.NativeMethodAccessorImpl.invoke(NativeMethodAccessorImpl.java:62)
	at sun.reflect.DelegatingMethodAccessorImpl.invoke(DelegatingMethodAccessorImpl.java:43)
	at java.lang.reflect.Method.invoke(Method.java:498)
	at org.openqa.selenium.support.pagefactory.internal.LocatingElementHandler.invoke(LocatingElementHandler.java:52)
	at com.sun.proxy.$Proxy23.getTagName(Unknown Source)
	at org.openqa.selenium.support.ui.Select.<init>(Select.java:46)
	at au.com.carguide.utility.Utility.selectByVisibleTextFromDropDown(Utility.java:149)
	at au.com.carguide.pages.BuyPage.selectMake(BuyPage.java:79)
	at au.com.carguide.steps.BuySteps.iSelectMake(BuySteps.java:36)
	at ✽.And I select make "Mercedes-Benz"(buy.feature:10)
</textarea></div>
					</li>
					<li test-id='75' class='node and skip' status='skip'><b>And</b>
						<span class="bdd-step-name">And I select model "Any Model"</span>
							<div class='pre'>skipped</div>
					</li>
					<li test-id='76' class='node and skip' status='skip'><b>And</b>
						<span class="bdd-step-name">And I select location "NSW - Sydney"</span>
							<div class='pre'>skipped</div>
					</li>
					<li test-id='77' class='node and skip' status='skip'><b>And</b>
						<span class="bdd-step-name">And I select price "$100,000"</span>
							<div class='pre'>skipped</div>
					</li>
					<li test-id='78' class='node and skip' status='skip'><b>And</b>
						<span class="bdd-step-name">And I click on Find My Next Car tab</span>
							<div class='pre'>skipped</div>
					</li>
					<li test-id='79' class='node then skip' status='skip'><b>Then</b>
						<span class="bdd-step-name">Then I should see the make "Mercedes-Benz" in results</span>
						<ul class='screenshots right'>
							<li><a data-featherlight="image" href="C:\Users\harsp\IdeaProjects\Cucumber\p5-sw6-cargurus-harshit-patel/src/main/java/com/demo/nopcommerce/screenshots/Search_the_buy_car_with_model20221223090019.png"><i class='material-icons'>panorama</i></a></li>
						</ul>
							<div class='pre'>skipped</div>
					</li>
				</ul>
		</li>
	</ul>
</div>
<div class='scenariooutline node' test-id='80' status='fail'>
	<span class='duration right label'>0h 2m 36s+780ms</span>
	<div class='desc'>
		<b>ScenarioOutline</b>
		<span class="desc-text">Search the used car with model</span>
	</div>
	<ul class='steps'>
		<li test-id='81' class='node scenario pass' status='pass'>
			<div class='category-list'>
				<span class='category label white-text'>@smoke</span>
				<span class='category label white-text'>@regression</span>
			</div>
			
			<b>Scenario</b>
			
			<span class="bdd-step-name">Search the used car with model</span>
			
				<ul class='steps'>
					<li test-id='82' class='node given pass' status='pass'><b>Given</b>
						<span class="bdd-step-name">Given I am on homepage</span>
							<div class='pre'>passed</div>
					</li>
					<li test-id='83' class='node when pass' status='pass'><b>When</b>
						<span class="bdd-step-name">When I mouse hover on “buy+sell” tab</span>
							<div class='pre'>passed</div>
					</li>
					<li test-id='84' class='node and pass' status='pass'><b>And</b>
						<span class="bdd-step-name">And I click ‘Used’ link</span>
							<div class='pre'>passed</div>
					</li>
					<li test-id='85' class='node then pass' status='pass'><b>Then</b>
						<span class="bdd-step-name">Then I navigate to ‘Used Cars For Sale’ page</span>
							<div class='pre'>passed</div>
					</li>
					<li test-id='86' class='node and pass' status='pass'><b>And</b>
						<span class="bdd-step-name">And I select make "Audi"</span>
							<div class='pre'>passed</div>
					</li>
					<li test-id='87' class='node and pass' status='pass'><b>And</b>
						<span class="bdd-step-name">And I select model "A8"</span>
							<div class='pre'>passed</div>
					</li>
					<li test-id='88' class='node and pass' status='pass'><b>And</b>
						<span class="bdd-step-name">And I select location "QLD - Brisbane"</span>
							<div class='pre'>passed</div>
					</li>
					<li test-id='89' class='node and pass' status='pass'><b>And</b>
						<span class="bdd-step-name">And I select price "$80,000"</span>
							<div class='pre'>passed</div>
					</li>
					<li test-id='90' class='node and pass' status='pass'><b>And</b>
						<span class="bdd-step-name">And I click on Find My Next Car tab</span>
							<div class='pre'>passed</div>
					</li>
					<li test-id='91' class='node then pass' status='pass'><b>Then</b>
						<span class="bdd-step-name">Then I should see the make "Audi" in results</span>
							<div class='pre'>passed</div>
					</li>
				</ul>
		</li>
		<li test-id='92' class='node scenario fail' status='fail'>
			<div class='category-list'>
				<span class='category label white-text'>@smoke</span>
				<span class='category label white-text'>@regression</span>
			</div>
			
			<b>Scenario</b>
			
			<span class="bdd-step-name">Search the used car with model</span>
			
				<ul class='steps'>
					<li test-id='93' class='node given pass' status='pass'><b>Given</b>
						<span class="bdd-step-name">Given I am on homepage</span>
							<div class='pre'>passed</div>
					</li>
					<li test-id='94' class='node when pass' status='pass'><b>When</b>
						<span class="bdd-step-name">When I mouse hover on “buy+sell” tab</span>
							<div class='pre'>passed</div>
					</li>
					<li test-id='95' class='node and pass' status='pass'><b>And</b>
						<span class="bdd-step-name">And I click ‘Used’ link</span>
							<div class='pre'>passed</div>
					</li>
					<li test-id='96' class='node then pass' status='pass'><b>Then</b>
						<span class="bdd-step-name">Then I navigate to ‘Used Cars For Sale’ page</span>
							<div class='pre'>passed</div>
					</li>
					<li test-id='97' class='node and fail' status='fail'><b>And</b>
						<span class="bdd-step-name">And I select make "Honda"</span>
							<div class='pre'><textarea>org.openqa.selenium.StaleElementReferenceException: stale element reference: element is not attached to the page document
  (Session info: chrome=108.0.5359.125)
For documentation on this error, please visit: https://selenium.dev/exceptions/#stale_element_reference
Build info: version: '4.6.0', revision: '79f1c02ae20'
System info: os.name: 'Windows 10', os.arch: 'amd64', os.version: '10.0', java.version: '1.8.0_121'
Driver info: org.openqa.selenium.chrome.ChromeDriver
Command: [1c0780aff809c9a65386453384c90d73, getElementTagName {id=57d61118-e586-4b93-990e-d2cf7e8e2cb3}]
Capabilities {acceptInsecureCerts: false, browserName: chrome, browserVersion: 108.0.5359.125, chrome: {chromedriverVersion: 108.0.5359.71 (1e0e3868ee06..., userDataDir: C:\Users\harsp\AppData\Loca...}, goog:chromeOptions: {debuggerAddress: localhost:62973}, networkConnectionEnabled: false, pageLoadStrategy: normal, platformName: WINDOWS, proxy: Proxy(), se:cdp: ws://localhost:62973/devtoo..., se:cdpVersion: 108.0.5359.125, setWindowRect: true, strictFileInteractability: false, timeouts: {implicit: 0, pageLoad: 300000, script: 30000}, unhandledPromptBehavior: dismiss and notify, webauthn:extension:credBlob: true, webauthn:extension:largeBlob: true, webauthn:virtualAuthenticators: true}
Element: [[ChromeDriver: chrome on WINDOWS (1c0780aff809c9a65386453384c90d73)] -> xpath: //select[@id='makes']]
Session ID: 1c0780aff809c9a65386453384c90d73
	at sun.reflect.NativeConstructorAccessorImpl.newInstance0(Native Method)
	at sun.reflect.NativeConstructorAccessorImpl.newInstance(NativeConstructorAccessorImpl.java:62)
	at sun.reflect.DelegatingConstructorAccessorImpl.newInstance(DelegatingConstructorAccessorImpl.java:45)
	at java.lang.reflect.Constructor.newInstance(Constructor.java:423)
	at org.openqa.selenium.remote.codec.w3c.W3CHttpResponseCodec.createException(W3CHttpResponseCodec.java:200)
	at org.openqa.selenium.remote.codec.w3c.W3CHttpResponseCodec.decode(W3CHttpResponseCodec.java:133)
	at org.openqa.selenium.remote.codec.w3c.W3CHttpResponseCodec.decode(W3CHttpResponseCodec.java:53)
	at org.openqa.selenium.remote.HttpCommandExecutor.execute(HttpCommandExecutor.java:184)
	at org.openqa.selenium.remote.service.DriverCommandExecutor.invokeExecute(DriverCommandExecutor.java:167)
	at org.openqa.selenium.remote.service.DriverCommandExecutor.execute(DriverCommandExecutor.java:142)
	at org.openqa.selenium.remote.RemoteWebDriver.execute(RemoteWebDriver.java:541)
	at org.openqa.selenium.remote.RemoteWebElement.execute(RemoteWebElement.java:257)
	at org.openqa.selenium.remote.RemoteWebElement.getTagName(RemoteWebElement.java:137)
	at sun.reflect.GeneratedMethodAccessor10.invoke(Unknown Source)
	at sun.reflect.DelegatingMethodAccessorImpl.invoke(DelegatingMethodAccessorImpl.java:43)
	at java.lang.reflect.Method.invoke(Method.java:498)
	at org.openqa.selenium.support.pagefactory.internal.LocatingElementHandler.invoke(LocatingElementHandler.java:52)
	at com.sun.proxy.$Proxy23.getTagName(Unknown Source)
	at org.openqa.selenium.support.ui.Select.<init>(Select.java:46)
	at au.com.carguide.utility.Utility.selectByVisibleTextFromDropDown(Utility.java:149)
	at au.com.carguide.pages.BuyPage.selectMake(BuyPage.java:79)
	at au.com.carguide.steps.BuySteps.iSelectMake(BuySteps.java:36)
	at ✽.And I select make "Honda"(buy.feature:32)
</textarea></div>
					</li>
					<li test-id='98' class='node and skip' status='skip'><b>And</b>
						<span class="bdd-step-name">And I select model "CR-V"</span>
							<div class='pre'>skipped</div>
					</li>
					<li test-id='99' class='node and skip' status='skip'><b>And</b>
						<span class="bdd-step-name">And I select location "VIC - Melbourne"</span>
							<div class='pre'>skipped</div>
					</li>
					<li test-id='100' class='node and skip' status='skip'><b>And</b>
						<span class="bdd-step-name">And I select price "$30,000"</span>
							<div class='pre'>skipped</div>
					</li>
					<li test-id='101' class='node and skip' status='skip'><b>And</b>
						<span class="bdd-step-name">And I click on Find My Next Car tab</span>
							<div class='pre'>skipped</div>
					</li>
					<li test-id='102' class='node then skip' status='skip'><b>Then</b>
						<span class="bdd-step-name">Then I should see the make "Honda" in results</span>
						<ul class='screenshots right'>
							<li><a data-featherlight="image" href="C:\Users\harsp\IdeaProjects\Cucumber\p5-sw6-cargurus-harshit-patel/src/main/java/com/demo/nopcommerce/screenshots/Search_the_used_car_with_model20221223090100.png"><i class='material-icons'>panorama</i></a></li>
						</ul>
							<div class='pre'>skipped</div>
					</li>
				</ul>
		</li>
		<li test-id='103' class='node scenario pass' status='pass'>
			<div class='category-list'>
				<span class='category label white-text'>@smoke</span>
				<span class='category label white-text'>@regression</span>
			</div>
			
			<b>Scenario</b>
			
			<span class="bdd-step-name">Search the used car with model</span>
			
				<ul class='steps'>
					<li test-id='104' class='node given pass' status='pass'><b>Given</b>
						<span class="bdd-step-name">Given I am on homepage</span>
							<div class='pre'>passed</div>
					</li>
					<li test-id='105' class='node when pass' status='pass'><b>When</b>
						<span class="bdd-step-name">When I mouse hover on “buy+sell” tab</span>
							<div class='pre'>passed</div>
					</li>
					<li test-id='106' class='node and pass' status='pass'><b>And</b>
						<span class="bdd-step-name">And I click ‘Used’ link</span>
							<div class='pre'>passed</div>
					</li>
					<li test-id='107' class='node then pass' status='pass'><b>Then</b>
						<span class="bdd-step-name">Then I navigate to ‘Used Cars For Sale’ page</span>
							<div class='pre'>passed</div>
					</li>
					<li test-id='108' class='node and pass' status='pass'><b>And</b>
						<span class="bdd-step-name">And I select make "BMW"</span>
							<div class='pre'>passed</div>
					</li>
					<li test-id='109' class='node and pass' status='pass'><b>And</b>
						<span class="bdd-step-name">And I select model "7 Series"</span>
							<div class='pre'>passed</div>
					</li>
					<li test-id='110' class='node and pass' status='pass'><b>And</b>
						<span class="bdd-step-name">And I select location "NSW - Sydney"</span>
							<div class='pre'>passed</div>
					</li>
					<li test-id='111' class='node and pass' status='pass'><b>And</b>
						<span class="bdd-step-name">And I select price "$70,000"</span>
							<div class='pre'>passed</div>
					</li>
					<li test-id='112' class='node and pass' status='pass'><b>And</b>
						<span class="bdd-step-name">And I click on Find My Next Car tab</span>
							<div class='pre'>passed</div>
					</li>
					<li test-id='113' class='node then pass' status='pass'><b>Then</b>
						<span class="bdd-step-name">Then I should see the make "BMW" in results</span>
							<div class='pre'>passed</div>
					</li>
				</ul>
		</li>
		<li test-id='114' class='node scenario pass' status='pass'>
			<div class='category-list'>
				<span class='category label white-text'>@smoke</span>
				<span class='category label white-text'>@regression</span>
			</div>
			
			<b>Scenario</b>
			
			<span class="bdd-step-name">Search the used car with model</span>
			
				<ul class='steps'>
					<li test-id='115' class='node given pass' status='pass'><b>Given</b>
						<span class="bdd-step-name">Given I am on homepage</span>
							<div class='pre'>passed</div>
					</li>
					<li test-id='116' class='node when pass' status='pass'><b>When</b>
						<span class="bdd-step-name">When I mouse hover on “buy+sell” tab</span>
							<div class='pre'>passed</div>
					</li>
					<li test-id='117' class='node and pass' status='pass'><b>And</b>
						<span class="bdd-step-name">And I click ‘Used’ link</span>
							<div class='pre'>passed</div>
					</li>
					<li test-id='118' class='node then pass' status='pass'><b>Then</b>
						<span class="bdd-step-name">Then I navigate to ‘Used Cars For Sale’ page</span>
							<div class='pre'>passed</div>
					</li>
					<li test-id='119' class='node and pass' status='pass'><b>And</b>
						<span class="bdd-step-name">And I select make "Hyundai"</span>
							<div class='pre'>passed</div>
					</li>
					<li test-id='120' class='node and pass' status='pass'><b>And</b>
						<span class="bdd-step-name">And I select model "Genesis"</span>
							<div class='pre'>passed</div>
					</li>
					<li test-id='121' class='node and pass' status='pass'><b>And</b>
						<span class="bdd-step-name">And I select location "QLD - All"</span>
							<div class='pre'>passed</div>
					</li>
					<li test-id='122' class='node and pass' status='pass'><b>And</b>
						<span class="bdd-step-name">And I select price "$80,000"</span>
							<div class='pre'>passed</div>
					</li>
					<li test-id='123' class='node and pass' status='pass'><b>And</b>
						<span class="bdd-step-name">And I click on Find My Next Car tab</span>
							<div class='pre'>passed</div>
					</li>
					<li test-id='124' class='node then pass' status='pass'><b>Then</b>
						<span class="bdd-step-name">Then I should see the make "Hyundai" in results</span>
							<div class='pre'>passed</div>
					</li>
				</ul>
		</li>
		<li test-id='125' class='node scenario fail' status='fail'>
			<div class='category-list'>
				<span class='category label white-text'>@smoke</span>
				<span class='category label white-text'>@regression</span>
			</div>
			
			<b>Scenario</b>
			
			<span class="bdd-step-name">Search the used car with model</span>
			
				<ul class='steps'>
					<li test-id='126' class='node given pass' status='pass'><b>Given</b>
						<span class="bdd-step-name">Given I am on homepage</span>
							<div class='pre'>passed</div>
					</li>
					<li test-id='127' class='node when pass' status='pass'><b>When</b>
						<span class="bdd-step-name">When I mouse hover on “buy+sell” tab</span>
							<div class='pre'>passed</div>
					</li>
					<li test-id='128' class='node and pass' status='pass'><b>And</b>
						<span class="bdd-step-name">And I click ‘Used’ link</span>
							<div class='pre'>passed</div>
					</li>
					<li test-id='129' class='node then pass' status='pass'><b>Then</b>
						<span class="bdd-step-name">Then I navigate to ‘Used Cars For Sale’ page</span>
							<div class='pre'>passed</div>
					</li>
					<li test-id='130' class='node and fail' status='fail'><b>And</b>
						<span class="bdd-step-name">And I select make "Kia"</span>
							<div class='pre'><textarea>org.openqa.selenium.StaleElementReferenceException: stale element reference: element is not attached to the page document
  (Session info: chrome=108.0.5359.125)
For documentation on this error, please visit: https://selenium.dev/exceptions/#stale_element_reference
Build info: version: '4.6.0', revision: '79f1c02ae20'
System info: os.name: 'Windows 10', os.arch: 'amd64', os.version: '10.0', java.version: '1.8.0_121'
Driver info: org.openqa.selenium.chrome.ChromeDriver
Command: [d1cc5a09f2c793c9446cde956ff9ce8d, isElementSelected {id=0e2a66e3-b4f7-4609-bc36-2723d36017fa}]
Capabilities {acceptInsecureCerts: false, browserName: chrome, browserVersion: 108.0.5359.125, chrome: {chromedriverVersion: 108.0.5359.71 (1e0e3868ee06..., userDataDir: C:\Users\harsp\AppData\Loca...}, goog:chromeOptions: {debuggerAddress: localhost:63786}, networkConnectionEnabled: false, pageLoadStrategy: normal, platformName: WINDOWS, proxy: Proxy(), se:cdp: ws://localhost:63786/devtoo..., se:cdpVersion: 108.0.5359.125, setWindowRect: true, strictFileInteractability: false, timeouts: {implicit: 0, pageLoad: 300000, script: 30000}, unhandledPromptBehavior: dismiss and notify, webauthn:extension:credBlob: true, webauthn:extension:largeBlob: true, webauthn:virtualAuthenticators: true}
Element: [[[[ChromeDriver: chrome on WINDOWS (d1cc5a09f2c793c9446cde956ff9ce8d)] -> xpath: //select[@id='makes']]] -> xpath: .//option[normalize-space(.) = "Kia"]]
Session ID: d1cc5a09f2c793c9446cde956ff9ce8d
	at sun.reflect.NativeConstructorAccessorImpl.newInstance0(Native Method)
	at sun.reflect.NativeConstructorAccessorImpl.newInstance(NativeConstructorAccessorImpl.java:62)
	at sun.reflect.DelegatingConstructorAccessorImpl.newInstance(DelegatingConstructorAccessorImpl.java:45)
	at java.lang.reflect.Constructor.newInstance(Constructor.java:423)
	at org.openqa.selenium.remote.codec.w3c.W3CHttpResponseCodec.createException(W3CHttpResponseCodec.java:200)
	at org.openqa.selenium.remote.codec.w3c.W3CHttpResponseCodec.decode(W3CHttpResponseCodec.java:133)
	at org.openqa.selenium.remote.codec.w3c.W3CHttpResponseCodec.decode(W3CHttpResponseCodec.java:53)
	at org.openqa.selenium.remote.HttpCommandExecutor.execute(HttpCommandExecutor.java:184)
	at org.openqa.selenium.remote.service.DriverCommandExecutor.invokeExecute(DriverCommandExecutor.java:167)
	at org.openqa.selenium.remote.service.DriverCommandExecutor.execute(DriverCommandExecutor.java:142)
	at org.openqa.selenium.remote.RemoteWebDriver.execute(RemoteWebDriver.java:541)
	at org.openqa.selenium.remote.RemoteWebElement.execute(RemoteWebElement.java:257)
	at org.openqa.selenium.remote.RemoteWebElement.isSelected(RemoteWebElement.java:185)
	at org.openqa.selenium.support.ui.Select.setSelected(Select.java:319)
	at org.openqa.selenium.support.ui.Select.selectByVisibleText(Select.java:119)
	at au.com.carguide.utility.Utility.selectByVisibleTextFromDropDown(Utility.java:149)
	at au.com.carguide.pages.BuyPage.selectMake(BuyPage.java:79)
	at au.com.carguide.steps.BuySteps.iSelectMake(BuySteps.java:36)
	at ✽.And I select make "Kia"(buy.feature:32)
</textarea></div>
					</li>
					<li test-id='131' class='node and skip' status='skip'><b>And</b>
						<span class="bdd-step-name">And I select model "Grand Carnival"</span>
							<div class='pre'>skipped</div>
					</li>
					<li test-id='132' class='node and skip' status='skip'><b>And</b>
						<span class="bdd-step-name">And I select location "WA - Perth"</span>
							<div class='pre'>skipped</div>
					</li>
					<li test-id='133' class='node and skip' status='skip'><b>And</b>
						<span class="bdd-step-name">And I select price "$40,000"</span>
							<div class='pre'>skipped</div>
					</li>
					<li test-id='134' class='node and skip' status='skip'><b>And</b>
						<span class="bdd-step-name">And I click on Find My Next Car tab</span>
							<div class='pre'>skipped</div>
					</li>
					<li test-id='135' class='node then skip' status='skip'><b>Then</b>
						<span class="bdd-step-name">Then I should see the make "Kia" in results</span>
						<ul class='screenshots right'>
							<li><a data-featherlight="image" href="C:\Users\harsp\IdeaProjects\Cucumber\p5-sw6-cargurus-harshit-patel/src/main/java/com/demo/nopcommerce/screenshots/Search_the_used_car_with_model20221223090214.png"><i class='material-icons'>panorama</i></a></li>
						</ul>
							<div class='pre'>skipped</div>
					</li>
				</ul>
		</li>
		<li test-id='136' class='node scenario pass' status='pass'>
			<div class='category-list'>
				<span class='category label white-text'>@smoke</span>
				<span class='category label white-text'>@regression</span>
			</div>
			
			<b>Scenario</b>
			
			<span class="bdd-step-name">Search the used car with model</span>
			
				<ul class='steps'>
					<li test-id='137' class='node given pass' status='pass'><b>Given</b>
						<span class="bdd-step-name">Given I am on homepage</span>
							<div class='pre'>passed</div>
					</li>
					<li test-id='138' class='node when pass' status='pass'><b>When</b>
						<span class="bdd-step-name">When I mouse hover on “buy+sell” tab</span>
							<div class='pre'>passed</div>
					</li>
					<li test-id='139' class='node and pass' status='pass'><b>And</b>
						<span class="bdd-step-name">And I click ‘Used’ link</span>
							<div class='pre'>passed</div>
					</li>
					<li test-id='140' class='node then pass' status='pass'><b>Then</b>
						<span class="bdd-step-name">Then I navigate to ‘Used Cars For Sale’ page</span>
							<div class='pre'>passed</div>
					</li>
					<li test-id='141' class='node and pass' status='pass'><b>And</b>
						<span class="bdd-step-name">And I select make "Audi"</span>
							<div class='pre'>passed</div>
					</li>
					<li test-id='142' class='node and pass' status='pass'><b>And</b>
						<span class="bdd-step-name">And I select model "Q7"</span>
							<div class='pre'>passed</div>
					</li>
					<li test-id='143' class='node and pass' status='pass'><b>And</b>
						<span class="bdd-step-name">And I select location "QLD - Brisbane"</span>
							<div class='pre'>passed</div>
					</li>
					<li test-id='144' class='node and pass' status='pass'><b>And</b>
						<span class="bdd-step-name">And I select price "$100,000"</span>
							<div class='pre'>passed</div>
					</li>
					<li test-id='145' class='node and pass' status='pass'><b>And</b>
						<span class="bdd-step-name">And I click on Find My Next Car tab</span>
							<div class='pre'>passed</div>
					</li>
					<li test-id='146' class='node then pass' status='pass'><b>Then</b>
						<span class="bdd-step-name">Then I should see the make "Audi" in results</span>
							<div class='pre'>passed</div>
					</li>
				</ul>
		</li>
		<li test-id='147' class='node scenario fail' status='fail'>
			<div class='category-list'>
				<span class='category label white-text'>@smoke</span>
				<span class='category label white-text'>@regression</span>
			</div>
			
			<b>Scenario</b>
			
			<span class="bdd-step-name">Search the used car with model</span>
			
				<ul class='steps'>
					<li test-id='148' class='node given pass' status='pass'><b>Given</b>
						<span class="bdd-step-name">Given I am on homepage</span>
							<div class='pre'>passed</div>
					</li>
					<li test-id='149' class='node when pass' status='pass'><b>When</b>
						<span class="bdd-step-name">When I mouse hover on “buy+sell” tab</span>
							<div class='pre'>passed</div>
					</li>
					<li test-id='150' class='node and pass' status='pass'><b>And</b>
						<span class="bdd-step-name">And I click ‘Used’ link</span>
							<div class='pre'>passed</div>
					</li>
					<li test-id='151' class='node then pass' status='pass'><b>Then</b>
						<span class="bdd-step-name">Then I navigate to ‘Used Cars For Sale’ page</span>
							<div class='pre'>passed</div>
					</li>
					<li test-id='152' class='node and fail' status='fail'><b>And</b>
						<span class="bdd-step-name">And I select make "Mercedes-Benz"</span>
							<div class='pre'><textarea>org.openqa.selenium.StaleElementReferenceException: stale element reference: element is not attached to the page document
  (Session info: chrome=108.0.5359.125)
For documentation on this error, please visit: https://selenium.dev/exceptions/#stale_element_reference
Build info: version: '4.6.0', revision: '79f1c02ae20'
System info: os.name: 'Windows 10', os.arch: 'amd64', os.version: '10.0', java.version: '1.8.0_121'
Driver info: org.openqa.selenium.chrome.ChromeDriver
Command: [d7fd7344d0327ea403b00ad918ac7c21, clickElement {id=165e2288-540f-4d8b-be12-f0e0706959f2}]
Capabilities {acceptInsecureCerts: false, browserName: chrome, browserVersion: 108.0.5359.125, chrome: {chromedriverVersion: 108.0.5359.71 (1e0e3868ee06..., userDataDir: C:\Users\harsp\AppData\Loca...}, goog:chromeOptions: {debuggerAddress: localhost:57858}, networkConnectionEnabled: false, pageLoadStrategy: normal, platformName: WINDOWS, proxy: Proxy(), se:cdp: ws://localhost:57858/devtoo..., se:cdpVersion: 108.0.5359.125, setWindowRect: true, strictFileInteractability: false, timeouts: {implicit: 0, pageLoad: 300000, script: 30000}, unhandledPromptBehavior: dismiss and notify, webauthn:extension:credBlob: true, webauthn:extension:largeBlob: true, webauthn:virtualAuthenticators: true}
Element: [[[[ChromeDriver: chrome on WINDOWS (d7fd7344d0327ea403b00ad918ac7c21)] -> xpath: //select[@id='makes']]] -> xpath: .//option[normalize-space(.) = "Mercedes-Benz"]]
Session ID: d7fd7344d0327ea403b00ad918ac7c21
	at sun.reflect.NativeConstructorAccessorImpl.newInstance0(Native Method)
	at sun.reflect.NativeConstructorAccessorImpl.newInstance(NativeConstructorAccessorImpl.java:62)
	at sun.reflect.DelegatingConstructorAccessorImpl.newInstance(DelegatingConstructorAccessorImpl.java:45)
	at java.lang.reflect.Constructor.newInstance(Constructor.java:423)
	at org.openqa.selenium.remote.codec.w3c.W3CHttpResponseCodec.createException(W3CHttpResponseCodec.java:200)
	at org.openqa.selenium.remote.codec.w3c.W3CHttpResponseCodec.decode(W3CHttpResponseCodec.java:133)
	at org.openqa.selenium.remote.codec.w3c.W3CHttpResponseCodec.decode(W3CHttpResponseCodec.java:53)
	at org.openqa.selenium.remote.HttpCommandExecutor.execute(HttpCommandExecutor.java:184)
	at org.openqa.selenium.remote.service.DriverCommandExecutor.invokeExecute(DriverCommandExecutor.java:167)
	at org.openqa.selenium.remote.service.DriverCommandExecutor.execute(DriverCommandExecutor.java:142)
	at org.openqa.selenium.remote.RemoteWebDriver.execute(RemoteWebDriver.java:541)
	at org.openqa.selenium.remote.RemoteWebElement.execute(RemoteWebElement.java:257)
	at org.openqa.selenium.remote.RemoteWebElement.click(RemoteWebElement.java:78)
	at org.openqa.selenium.support.ui.Select.setSelected(Select.java:320)
	at org.openqa.selenium.support.ui.Select.selectByVisibleText(Select.java:119)
	at au.com.carguide.utility.Utility.selectByVisibleTextFromDropDown(Utility.java:149)
	at au.com.carguide.pages.BuyPage.selectMake(BuyPage.java:79)
	at au.com.carguide.steps.BuySteps.iSelectMake(BuySteps.java:36)
	at ✽.And I select make "Mercedes-Benz"(buy.feature:32)
</textarea></div>
					</li>
					<li test-id='153' class='node and skip' status='skip'><b>And</b>
						<span class="bdd-step-name">And I select model "Any Model"</span>
							<div class='pre'>skipped</div>
					</li>
					<li test-id='154' class='node and skip' status='skip'><b>And</b>
						<span class="bdd-step-name">And I select location "NSW - Sydney"</span>
							<div class='pre'>skipped</div>
					</li>
					<li test-id='155' class='node and skip' status='skip'><b>And</b>
						<span class="bdd-step-name">And I select price "$100,000"</span>
							<div class='pre'>skipped</div>
					</li>
					<li test-id='156' class='node and skip' status='skip'><b>And</b>
						<span class="bdd-step-name">And I click on Find My Next Car tab</span>
							<div class='pre'>skipped</div>
					</li>
					<li test-id='157' class='node then skip' status='skip'><b>Then</b>
						<span class="bdd-step-name">Then I should see the make "Mercedes-Benz" in results</span>
						<ul class='screenshots right'>
							<li><a data-featherlight="image" href="C:\Users\harsp\IdeaProjects\Cucumber\p5-sw6-cargurus-harshit-patel/src/main/java/com/demo/nopcommerce/screenshots/Search_the_used_car_with_model20221223090259.png"><i class='material-icons'>panorama</i></a></li>
						</ul>
							<div class='pre'>skipped</div>
					</li>
				</ul>
		</li>
	</ul>
</div>
					</div>
				</li>
				
				
				<li class='test displayed active has-leaf fail' status='fail' bdd='true' test-id='158'>
					<div class='test-heading'>
						<span class='test-name'>Find the dealers and verify</span>
						<span class='test-time'>Dec 23, 2022 09:03:00 PM</span>
						<span class='test-status right fail'>fail</span>
					</div>
					<div class='test-content hide'>
<div class='scenariooutline node' test-id='159' status='fail'>
	<span class='duration right label'>0h 2m 12s+281ms</span>
	<div class='desc'>
		<b>ScenarioOutline</b>
		<span class="desc-text">Find the dealers and verify the dealers are in list</span>
	</div>
	<ul class='steps'>
		<li test-id='160' class='node scenario pass' status='pass'>
			<div class='category-list'>
				<span class='category label white-text'>@smoke</span>
				<span class='category label white-text'>@regression</span>
			</div>
			
			<b>Scenario</b>
			
			<span class="bdd-step-name">Find the dealers and verify the dealers are in list</span>
			
				<ul class='steps'>
					<li test-id='161' class='node given pass' status='pass'><b>Given</b>
						<span class="bdd-step-name">Given I am on homepage</span>
							<div class='pre'>passed</div>
					</li>
					<li test-id='162' class='node when pass' status='pass'><b>When</b>
						<span class="bdd-step-name">When I mouse hover on “buy+sell” tab</span>
							<div class='pre'>passed</div>
					</li>
					<li test-id='163' class='node and pass' status='pass'><b>And</b>
						<span class="bdd-step-name">And I click ‘Find a Dealer’</span>
							<div class='pre'>passed</div>
					</li>
					<li test-id='164' class='node then pass' status='pass'><b>Then</b>
						<span class="bdd-step-name">Then I navigate to ‘car-dealers’ page</span>
							<div class='pre'>passed</div>
					</li>
					<li test-id='165' class='node and pass' status='pass'><b>And</b>
						<span class="bdd-step-name">And I should see the dealer names "3 Point Motors Epping" are display on page</span>
							<div class='pre'>passed</div>
					</li>
				</ul>
		</li>
		<li test-id='166' class='node scenario pass' status='pass'>
			<div class='category-list'>
				<span class='category label white-text'>@smoke</span>
				<span class='category label white-text'>@regression</span>
			</div>
			
			<b>Scenario</b>
			
			<span class="bdd-step-name">Find the dealers and verify the dealers are in list</span>
			
				<ul class='steps'>
					<li test-id='167' class='node given pass' status='pass'><b>Given</b>
						<span class="bdd-step-name">Given I am on homepage</span>
							<div class='pre'>passed</div>
					</li>
					<li test-id='168' class='node when pass' status='pass'><b>When</b>
						<span class="bdd-step-name">When I mouse hover on “buy+sell” tab</span>
							<div class='pre'>passed</div>
					</li>
					<li test-id='169' class='node and pass' status='pass'><b>And</b>
						<span class="bdd-step-name">And I click ‘Find a Dealer’</span>
							<div class='pre'>passed</div>
					</li>
					<li test-id='170' class='node then pass' status='pass'><b>Then</b>
						<span class="bdd-step-name">Then I navigate to ‘car-dealers’ page</span>
							<div class='pre'>passed</div>
					</li>
					<li test-id='171' class='node and pass' status='pass'><b>And</b>
						<span class="bdd-step-name">And I should see the dealer names "4WD Specialist Group" are display on page</span>
							<div class='pre'>passed</div>
					</li>
				</ul>
		</li>
		<li test-id='172' class='node scenario pass' status='pass'>
			<div class='category-list'>
				<span class='category label white-text'>@smoke</span>
				<span class='category label white-text'>@regression</span>
			</div>
			
			<b>Scenario</b>
			
			<span class="bdd-step-name">Find the dealers and verify the dealers are in list</span>
			
				<ul class='steps'>
					<li test-id='173' class='node given pass' status='pass'><b>Given</b>
						<span class="bdd-step-name">Given I am on homepage</span>
							<div class='pre'>passed</div>
					</li>
					<li test-id='174' class='node when pass' status='pass'><b>When</b>
						<span class="bdd-step-name">When I mouse hover on “buy+sell” tab</span>
							<div class='pre'>passed</div>
					</li>
					<li test-id='175' class='node and pass' status='pass'><b>And</b>
						<span class="bdd-step-name">And I click ‘Find a Dealer’</span>
							<div class='pre'>passed</div>
					</li>
					<li test-id='176' class='node then pass' status='pass'><b>Then</b>
						<span class="bdd-step-name">Then I navigate to ‘car-dealers’ page</span>
							<div class='pre'>passed</div>
					</li>
					<li test-id='177' class='node and pass' status='pass'><b>And</b>
						<span class="bdd-step-name">And I should see the dealer names "5 Star Auto" are display on page</span>
							<div class='pre'>passed</div>
					</li>
				</ul>
		</li>
		<li test-id='178' class='node scenario pass' status='pass'>
			<div class='category-list'>
				<span class='category label white-text'>@smoke</span>
				<span class='category label white-text'>@regression</span>
			</div>
			
			<b>Scenario</b>
			
			<span class="bdd-step-name">Find the dealers and verify the dealers are in list</span>
			
				<ul class='steps'>
					<li test-id='179' class='node given pass' status='pass'><b>Given</b>
						<span class="bdd-step-name">Given I am on homepage</span>
							<div class='pre'>passed</div>
					</li>
					<li test-id='180' class='node when pass' status='pass'><b>When</b>
						<span class="bdd-step-name">When I mouse hover on “buy+sell” tab</span>
							<div class='pre'>passed</div>
					</li>
					<li test-id='181' class='node and pass' status='pass'><b>And</b>
						<span class="bdd-step-name">And I click ‘Find a Dealer’</span>
							<div class='pre'>passed</div>
					</li>
					<li test-id='182' class='node then pass' status='pass'><b>Then</b>
						<span class="bdd-step-name">Then I navigate to ‘car-dealers’ page</span>
							<div class='pre'>passed</div>
					</li>
					<li test-id='183' class='node and pass' status='pass'><b>And</b>
						<span class="bdd-step-name">And I should see the dealer names "A & M Car Sales Pty Ltd" are display on page</span>
							<div class='pre'>passed</div>
					</li>
				</ul>
		</li>
		<li test-id='184' class='node scenario pass' status='pass'>
			<div class='category-list'>
				<span class='category label white-text'>@smoke</span>
				<span class='category label white-text'>@regression</span>
			</div>
			
			<b>Scenario</b>
			
			<span class="bdd-step-name">Find the dealers and verify the dealers are in list</span>
			
				<ul class='steps'>
					<li test-id='185' class='node given pass' status='pass'><b>Given</b>
						<span class="bdd-step-name">Given I am on homepage</span>
							<div class='pre'>passed</div>
					</li>
					<li test-id='186' class='node when pass' status='pass'><b>When</b>
						<span class="bdd-step-name">When I mouse hover on “buy+sell” tab</span>
							<div class='pre'>passed</div>
					</li>
					<li test-id='187' class='node and pass' status='pass'><b>And</b>
						<span class="bdd-step-name">And I click ‘Find a Dealer’</span>
							<div class='pre'>passed</div>
					</li>
					<li test-id='188' class='node then pass' status='pass'><b>Then</b>
						<span class="bdd-step-name">Then I navigate to ‘car-dealers’ page</span>
							<div class='pre'>passed</div>
					</li>
					<li test-id='189' class='node and pass' status='pass'><b>And</b>
						<span class="bdd-step-name">And I should see the dealer names "A1 MOTORS COMPANY" are display on page</span>
							<div class='pre'>passed</div>
					</li>
				</ul>
		</li>
		<li test-id='190' class='node scenario pass' status='pass'>
			<div class='category-list'>
				<span class='category label white-text'>@smoke</span>
				<span class='category label white-text'>@regression</span>
			</div>
			
			<b>Scenario</b>
			
			<span class="bdd-step-name">Find the dealers and verify the dealers are in list</span>
			
				<ul class='steps'>
					<li test-id='191' class='node given pass' status='pass'><b>Given</b>
						<span class="bdd-step-name">Given I am on homepage</span>
							<div class='pre'>passed</div>
					</li>
					<li test-id='192' class='node when pass' status='pass'><b>When</b>
						<span class="bdd-step-name">When I mouse hover on “buy+sell” tab</span>
							<div class='pre'>passed</div>
					</li>
					<li test-id='193' class='node and pass' status='pass'><b>And</b>
						<span class="bdd-step-name">And I click ‘Find a Dealer’</span>
							<div class='pre'>passed</div>
					</li>
					<li test-id='194' class='node then pass' status='pass'><b>Then</b>
						<span class="bdd-step-name">Then I navigate to ‘car-dealers’ page</span>
							<div class='pre'>passed</div>
					</li>
					<li test-id='195' class='node and pass' status='pass'><b>And</b>
						<span class="bdd-step-name">And I should see the dealer names "ANDREA MOTORI SERVICE" are display on page</span>
							<div class='pre'>passed</div>
					</li>
				</ul>
		</li>
		<li test-id='196' class='node scenario fail' status='fail'>
			<div class='category-list'>
				<span class='category label white-text'>@smoke</span>
				<span class='category label white-text'>@regression</span>
			</div>
			
			<b>Scenario</b>
			
			<span class="bdd-step-name">Find the dealers and verify the dealers are in list</span>
			
				<ul class='steps'>
					<li test-id='197' class='node given pass' status='pass'><b>Given</b>
						<span class="bdd-step-name">Given I am on homepage</span>
							<div class='pre'>passed</div>
					</li>
					<li test-id='198' class='node when pass' status='pass'><b>When</b>
						<span class="bdd-step-name">When I mouse hover on “buy+sell” tab</span>
							<div class='pre'>passed</div>
					</li>
					<li test-id='199' class='node and fail' status='fail'><b>And</b>
						<span class="bdd-step-name">And I click ‘Find a Dealer’</span>
							<div class='pre'><textarea>org.openqa.selenium.ElementNotInteractableException: element not interactable
  (Session info: chrome=108.0.5359.125)
Build info: version: '4.6.0', revision: '79f1c02ae20'
System info: os.name: 'Windows 10', os.arch: 'amd64', os.version: '10.0', java.version: '1.8.0_121'
Driver info: org.openqa.selenium.chrome.ChromeDriver
Command: [f336addf73d0fbffd78abc2123b68a95, clickElement {id=634d36ae-d0c1-48c9-9101-139116c498b2}]
Capabilities {acceptInsecureCerts: false, browserName: chrome, browserVersion: 108.0.5359.125, chrome: {chromedriverVersion: 108.0.5359.71 (1e0e3868ee06..., userDataDir: C:\Users\harsp\AppData\Loca...}, goog:chromeOptions: {debuggerAddress: localhost:65271}, networkConnectionEnabled: false, pageLoadStrategy: normal, platformName: WINDOWS, proxy: Proxy(), se:cdp: ws://localhost:65271/devtoo..., se:cdpVersion: 108.0.5359.125, setWindowRect: true, strictFileInteractability: false, timeouts: {implicit: 0, pageLoad: 300000, script: 30000}, unhandledPromptBehavior: dismiss and notify, webauthn:extension:credBlob: true, webauthn:extension:largeBlob: true, webauthn:virtualAuthenticators: true}
Element: [[ChromeDriver: chrome on WINDOWS (f336addf73d0fbffd78abc2123b68a95)] -> xpath: //a[contains(text(), 'Find a Dealer')]]
Session ID: f336addf73d0fbffd78abc2123b68a95
	at sun.reflect.NativeConstructorAccessorImpl.newInstance0(Native Method)
	at sun.reflect.NativeConstructorAccessorImpl.newInstance(NativeConstructorAccessorImpl.java:62)
	at sun.reflect.DelegatingConstructorAccessorImpl.newInstance(DelegatingConstructorAccessorImpl.java:45)
	at java.lang.reflect.Constructor.newInstance(Constructor.java:423)
	at org.openqa.selenium.remote.codec.w3c.W3CHttpResponseCodec.createException(W3CHttpResponseCodec.java:200)
	at org.openqa.selenium.remote.codec.w3c.W3CHttpResponseCodec.decode(W3CHttpResponseCodec.java:133)
	at org.openqa.selenium.remote.codec.w3c.W3CHttpResponseCodec.decode(W3CHttpResponseCodec.java:53)
	at org.openqa.selenium.remote.HttpCommandExecutor.execute(HttpCommandExecutor.java:184)
	at org.openqa.selenium.remote.service.DriverCommandExecutor.invokeExecute(DriverCommandExecutor.java:167)
	at org.openqa.selenium.remote.service.DriverCommandExecutor.execute(DriverCommandExecutor.java:142)
	at org.openqa.selenium.remote.RemoteWebDriver.execute(RemoteWebDriver.java:541)
	at org.openqa.selenium.remote.RemoteWebElement.execute(RemoteWebElement.java:257)
	at org.openqa.selenium.remote.RemoteWebElement.click(RemoteWebElement.java:78)
	at sun.reflect.GeneratedMethodAccessor19.invoke(Unknown Source)
	at sun.reflect.DelegatingMethodAccessorImpl.invoke(DelegatingMethodAccessorImpl.java:43)
	at java.lang.reflect.Method.invoke(Method.java:498)
	at org.openqa.selenium.support.pagefactory.internal.LocatingElementHandler.invoke(LocatingElementHandler.java:52)
	at com.sun.proxy.$Proxy23.click(Unknown Source)
	at au.com.carguide.utility.Utility.clickOnElement(Utility.java:54)
	at au.com.carguide.pages.FindDealerPage.clickOnFindADealerLink(FindDealerPage.java:37)
	at au.com.carguide.steps.FindDealersSteps.iClickFindADealer(FindDealersSteps.java:10)
	at ✽.And I click ‘Find a Dealer’(finddealers.feature:8)
</textarea></div>
					</li>
					<li test-id='200' class='node then skip' status='skip'><b>Then</b>
						<span class="bdd-step-name">Then I navigate to ‘car-dealers’ page</span>
							<div class='pre'>skipped</div>
					</li>
					<li test-id='201' class='node and skip' status='skip'><b>And</b>
						<span class="bdd-step-name">And I should see the dealer names "Oxford Motors" are display on page</span>
						<ul class='screenshots right'>
							<li><a data-featherlight="image" href="C:\Users\harsp\IdeaProjects\Cucumber\p5-sw6-cargurus-harshit-patel/src/main/java/com/demo/nopcommerce/screenshots/Find_the_dealers_and_verify_the_dealers_are_in_list20221223090513.png"><i class='material-icons'>panorama</i></a></li>
						</ul>
							<div class='pre'>skipped</div>
					</li>
				</ul>
		</li>
	</ul>
</div>
					</div>
				</li>
			</ul>
		</div>
	</div>
	<!-- subview left -->

	<div class='subview-right left'>
		<div class='view-summary'>
			<h5 class='test-name'></h5>

			<div id='step-filters' class="right">
				<span class="blue-text" status="info" alt="info" title="info"><i class="material-icons">info_outline</i></span>
				<span class="green-text" status="pass" alt="pass" title="pass"><i class="material-icons">check_circle</i></span>
				<span class="red-text" status="fail" alt="fail" title="fail"><i class="material-icons">cancel</i></span>
				<span class="red-text text-darken-4" status="fatal" alt="fatal" title="fatal"><i class="material-icons">cancel</i></span>
				<span class="pink-text text-lighten-1" status="error" alt="error" title="error"><i class="material-icons">error</i></span>
				<span class="orange-text" alt="warning" status="warning" title="warning"><i class="material-icons">warning</i></span>
				<span class="teal-text" status="skip" alt="skip" title="skip"><i class="material-icons">redo</i></span>
				<span status="clear" alt="Clear filters" title="Clear filters"><i class="material-icons">clear</i></span>
			</div>
		</div>
	</div>
	<!-- subview right -->

</div>
<!-- test view -->
<div id='category-view' class='view hide'>

	<section id='controls'>
		<div class='controls grey lighten-4'>
			<!-- search -->
			<div class='chip transparent' alt='Search Tests' title='Search Tests'>
				<a href="#" class='search-div'>
					<i class='material-icons'>search</i> Search
				</a>
				
				<div class='input-field left hide'>
					<input id='search-tests' type='text' class='validate browser-default' placeholder='Search Tests...'>
				</div>
				
			</div>
			<!-- search -->
		</div>
	</section>

	<div class='subview-left left'>
		
		<div class='view-summary'>
			<h5>Categories</h3>
			<ul id='category-collection' class='category-collection'>
				
				<li class='category displayed active'>
					<div class='category-heading'>
						<span class='category-name'>@regression</span>
						<span class='category-status right'>
							<span class='label pass'>13</span>
							<span class='label fail'>10</span>
						</span>
					</div>
					<div class='category-content hide'>
						<div class='category-status-counts'>
							<span class='label green accent-4 white-text'>Passed: 13</span>
							<span class='label red lighten-1 white-text'>Failed: 10</span>
							
						</div>
					
						<div class='category-tests'>
							<table class='bordered table-results'>
								<thead>
									<tr>
										<th>Timestamp</th>
										<th>TestName</th>
										<th>Status</th>
									</tr>
								</thead>
								<tbody>
									<tr>
										<td>Dec 23, 2022 08:58:00 PM</td>
										<td class='linked' test-id='1'>Search functionality</td>
										<td><span class='test-status fail'>fail</span></td>
									</tr>
									<tr>
										<td>Dec 23, 2022 08:58:00 PM</td>
										<td class='linked' test-id='3'>Search functionality.Search the buy car with model.Search the buy car with model</td>
										<td><span class='test-status pass'>pass</span></td>
									</tr>
									<tr>
										<td>Dec 23, 2022 08:58:23 PM</td>
										<td class='linked' test-id='14'>Search functionality.Search the buy car with model.Search the buy car with model</td>
										<td><span class='test-status fail'>fail</span></td>
									</tr>
									<tr>
										<td>Dec 23, 2022 08:58:36 PM</td>
										<td class='linked' test-id='25'>Search functionality.Search the buy car with model.Search the buy car with model</td>
										<td><span class='test-status fail'>fail</span></td>
									</tr>
									<tr>
										<td>Dec 23, 2022 08:58:50 PM</td>
										<td class='linked' test-id='36'>Search functionality.Search the buy car with model.Search the buy car with model</td>
										<td><span class='test-status fail'>fail</span></td>
									</tr>
									<tr>
										<td>Dec 23, 2022 08:59:07 PM</td>
										<td class='linked' test-id='47'>Search functionality.Search the buy car with model.Search the buy car with model</td>
										<td><span class='test-status pass'>pass</span></td>
									</tr>
									<tr>
										<td>Dec 23, 2022 08:59:31 PM</td>
										<td class='linked' test-id='58'>Search functionality.Search the buy car with model.Search the buy car with model</td>
										<td><span class='test-status pass'>pass</span></td>
									</tr>
									<tr>
										<td>Dec 23, 2022 08:59:59 PM</td>
										<td class='linked' test-id='69'>Search functionality.Search the buy car with model.Search the buy car with model</td>
										<td><span class='test-status fail'>fail</span></td>
									</tr>
									<tr>
										<td>Dec 23, 2022 09:00:22 PM</td>
										<td class='linked' test-id='81'>Search functionality.Search the used car with model.Search the used car with model</td>
										<td><span class='test-status pass'>pass</span></td>
									</tr>
									<tr>
										<td>Dec 23, 2022 09:00:47 PM</td>
										<td class='linked' test-id='92'>Search functionality.Search the used car with model.Search the used car with model</td>
										<td><span class='test-status fail'>fail</span></td>
									</tr>
									<tr>
										<td>Dec 23, 2022 09:01:03 PM</td>
										<td class='linked' test-id='103'>Search functionality.Search the used car with model.Search the used car with model</td>
										<td><span class='test-status pass'>pass</span></td>
									</tr>
									<tr>
										<td>Dec 23, 2022 09:01:29 PM</td>
										<td class='linked' test-id='114'>Search functionality.Search the used car with model.Search the used car with model</td>
										<td><span class='test-status pass'>pass</span></td>
									</tr>
									<tr>
										<td>Dec 23, 2022 09:01:58 PM</td>
										<td class='linked' test-id='125'>Search functionality.Search the used car with model.Search the used car with model</td>
										<td><span class='test-status fail'>fail</span></td>
									</tr>
									<tr>
										<td>Dec 23, 2022 09:02:19 PM</td>
										<td class='linked' test-id='136'>Search functionality.Search the used car with model.Search the used car with model</td>
										<td><span class='test-status pass'>pass</span></td>
									</tr>
									<tr>
										<td>Dec 23, 2022 09:02:44 PM</td>
										<td class='linked' test-id='147'>Search functionality.Search the used car with model.Search the used car with model</td>
										<td><span class='test-status fail'>fail</span></td>
									</tr>
									<tr>
										<td>Dec 23, 2022 09:03:00 PM</td>
										<td class='linked' test-id='158'>Find the dealers and verify</td>
										<td><span class='test-status fail'>fail</span></td>
									</tr>
									<tr>
										<td>Dec 23, 2022 09:03:00 PM</td>
										<td class='linked' test-id='160'>Find the dealers and verify.Find the dealers and verify the dealers are in list.Find the dealers and verify the dealers are in list</td>
										<td><span class='test-status pass'>pass</span></td>
									</tr>
									<tr>
										<td>Dec 23, 2022 09:03:16 PM</td>
										<td class='linked' test-id='166'>Find the dealers and verify.Find the dealers and verify the dealers are in list.Find the dealers and verify the dealers are in list</td>
										<td><span class='test-status pass'>pass</span></td>
									</tr>
									<tr>
										<td>Dec 23, 2022 09:03:36 PM</td>
										<td class='linked' test-id='172'>Find the dealers and verify.Find the dealers and verify the dealers are in list.Find the dealers and verify the dealers are in list</td>
										<td><span class='test-status pass'>pass</span></td>
									</tr>
									<tr>
										<td>Dec 23, 2022 09:03:52 PM</td>
										<td class='linked' test-id='178'>Find the dealers and verify.Find the dealers and verify the dealers are in list.Find the dealers and verify the dealers are in list</td>
										<td><span class='test-status pass'>pass</span></td>
									</tr>
									<tr>
										<td>Dec 23, 2022 09:04:13 PM</td>
										<td class='linked' test-id='184'>Find the dealers and verify.Find the dealers and verify the dealers are in list.Find the dealers and verify the dealers are in list</td>
										<td><span class='test-status pass'>pass</span></td>
									</tr>
									<tr>
										<td>Dec 23, 2022 09:04:30 PM</td>
										<td class='linked' test-id='190'>Find the dealers and verify.Find the dealers and verify the dealers are in list.Find the dealers and verify the dealers are in list</td>
										<td><span class='test-status pass'>pass</span></td>
									</tr>
									<tr>
										<td>Dec 23, 2022 09:04:45 PM</td>
										<td class='linked' test-id='196'>Find the dealers and verify.Find the dealers and verify the dealers are in list.Find the dealers and verify the dealers are in list</td>
										<td><span class='test-status fail'>fail</span></td>
									</tr>
								</tbody>
							</table>
						</div>
					</div>
				</li>
				<li class='category displayed active'>
					<div class='category-heading'>
						<span class='category-name'>@sanity</span>
						<span class='category-status right'>
							<span class='label pass'>3</span>
							<span class='label fail'>4</span>
						</span>
					</div>
					<div class='category-content hide'>
						<div class='category-status-counts'>
							<span class='label green accent-4 white-text'>Passed: 3</span>
							<span class='label red lighten-1 white-text'>Failed: 4</span>
							
						</div>
					
						<div class='category-tests'>
							<table class='bordered table-results'>
								<thead>
									<tr>
										<th>Timestamp</th>
										<th>TestName</th>
										<th>Status</th>
									</tr>
								</thead>
								<tbody>
									<tr>
										<td>Dec 23, 2022 08:58:00 PM</td>
										<td class='linked' test-id='3'>Search functionality.Search the buy car with model.Search the buy car with model</td>
										<td><span class='test-status pass'>pass</span></td>
									</tr>
									<tr>
										<td>Dec 23, 2022 08:58:23 PM</td>
										<td class='linked' test-id='14'>Search functionality.Search the buy car with model.Search the buy car with model</td>
										<td><span class='test-status fail'>fail</span></td>
									</tr>
									<tr>
										<td>Dec 23, 2022 08:58:36 PM</td>
										<td class='linked' test-id='25'>Search functionality.Search the buy car with model.Search the buy car with model</td>
										<td><span class='test-status fail'>fail</span></td>
									</tr>
									<tr>
										<td>Dec 23, 2022 08:58:50 PM</td>
										<td class='linked' test-id='36'>Search functionality.Search the buy car with model.Search the buy car with model</td>
										<td><span class='test-status fail'>fail</span></td>
									</tr>
									<tr>
										<td>Dec 23, 2022 08:59:07 PM</td>
										<td class='linked' test-id='47'>Search functionality.Search the buy car with model.Search the buy car with model</td>
										<td><span class='test-status pass'>pass</span></td>
									</tr>
									<tr>
										<td>Dec 23, 2022 08:59:31 PM</td>
										<td class='linked' test-id='58'>Search functionality.Search the buy car with model.Search the buy car with model</td>
										<td><span class='test-status pass'>pass</span></td>
									</tr>
									<tr>
										<td>Dec 23, 2022 08:59:59 PM</td>
										<td class='linked' test-id='69'>Search functionality.Search the buy car with model.Search the buy car with model</td>
										<td><span class='test-status fail'>fail</span></td>
									</tr>
								</tbody>
							</table>
						</div>
					</div>
				</li>
				<li class='category displayed active'>
					<div class='category-heading'>
						<span class='category-name'>@smoke</span>
						<span class='category-status right'>
							<span class='label pass'>10</span>
							<span class='label fail'>4</span>
						</span>
					</div>
					<div class='category-content hide'>
						<div class='category-status-counts'>
							<span class='label green accent-4 white-text'>Passed: 10</span>
							<span class='label red lighten-1 white-text'>Failed: 4</span>
							
						</div>
					
						<div class='category-tests'>
							<table class='bordered table-results'>
								<thead>
									<tr>
										<th>Timestamp</th>
										<th>TestName</th>
										<th>Status</th>
									</tr>
								</thead>
								<tbody>
									<tr>
										<td>Dec 23, 2022 09:00:22 PM</td>
										<td class='linked' test-id='81'>Search functionality.Search the used car with model.Search the used car with model</td>
										<td><span class='test-status pass'>pass</span></td>
									</tr>
									<tr>
										<td>Dec 23, 2022 09:00:47 PM</td>
										<td class='linked' test-id='92'>Search functionality.Search the used car with model.Search the used car with model</td>
										<td><span class='test-status fail'>fail</span></td>
									</tr>
									<tr>
										<td>Dec 23, 2022 09:01:03 PM</td>
										<td class='linked' test-id='103'>Search functionality.Search the used car with model.Search the used car with model</td>
										<td><span class='test-status pass'>pass</span></td>
									</tr>
									<tr>
										<td>Dec 23, 2022 09:01:29 PM</td>
										<td class='linked' test-id='114'>Search functionality.Search the used car with model.Search the used car with model</td>
										<td><span class='test-status pass'>pass</span></td>
									</tr>
									<tr>
										<td>Dec 23, 2022 09:01:58 PM</td>
										<td class='linked' test-id='125'>Search functionality.Search the used car with model.Search the used car with model</td>
										<td><span class='test-status fail'>fail</span></td>
									</tr>
									<tr>
										<td>Dec 23, 2022 09:02:19 PM</td>
										<td class='linked' test-id='136'>Search functionality.Search the used car with model.Search the used car with model</td>
										<td><span class='test-status pass'>pass</span></td>
									</tr>
									<tr>
										<td>Dec 23, 2022 09:02:44 PM</td>
										<td class='linked' test-id='147'>Search functionality.Search the used car with model.Search the used car with model</td>
										<td><span class='test-status fail'>fail</span></td>
									</tr>
									<tr>
										<td>Dec 23, 2022 09:03:00 PM</td>
										<td class='linked' test-id='160'>Find the dealers and verify.Find the dealers and verify the dealers are in list.Find the dealers and verify the dealers are in list</td>
										<td><span class='test-status pass'>pass</span></td>
									</tr>
									<tr>
										<td>Dec 23, 2022 09:03:16 PM</td>
										<td class='linked' test-id='166'>Find the dealers and verify.Find the dealers and verify the dealers are in list.Find the dealers and verify the dealers are in list</td>
										<td><span class='test-status pass'>pass</span></td>
									</tr>
									<tr>
										<td>Dec 23, 2022 09:03:36 PM</td>
										<td class='linked' test-id='172'>Find the dealers and verify.Find the dealers and verify the dealers are in list.Find the dealers and verify the dealers are in list</td>
										<td><span class='test-status pass'>pass</span></td>
									</tr>
									<tr>
										<td>Dec 23, 2022 09:03:52 PM</td>
										<td class='linked' test-id='178'>Find the dealers and verify.Find the dealers and verify the dealers are in list.Find the dealers and verify the dealers are in list</td>
										<td><span class='test-status pass'>pass</span></td>
									</tr>
									<tr>
										<td>Dec 23, 2022 09:04:13 PM</td>
										<td class='linked' test-id='184'>Find the dealers and verify.Find the dealers and verify the dealers are in list.Find the dealers and verify the dealers are in list</td>
										<td><span class='test-status pass'>pass</span></td>
									</tr>
									<tr>
										<td>Dec 23, 2022 09:04:30 PM</td>
										<td class='linked' test-id='190'>Find the dealers and verify.Find the dealers and verify the dealers are in list.Find the dealers and verify the dealers are in list</td>
										<td><span class='test-status pass'>pass</span></td>
									</tr>
									<tr>
										<td>Dec 23, 2022 09:04:45 PM</td>
										<td class='linked' test-id='196'>Find the dealers and verify.Find the dealers and verify the dealers are in list.Find the dealers and verify the dealers are in list</td>
										<td><span class='test-status fail'>fail</span></td>
									</tr>
								</tbody>
							</table>
						</div>
					</div>
				</li>

			</ul>
		</div>
	</div>

	<div class='subview-right left'>
		<div class='view-summary'>
			<h5 class='category-name'></h5>
		</div>
	</div>
</div>
<!-- category view -->
<div id='exception-view' class='view hide'>

    <section id='controls'>
        <div class='controls grey lighten-4'>
            <!-- search -->
            <div class='chip transparent' alt='Search Tests' title='Search Tests'>
                <a href="#" class='search-div'>
                    <i class='material-icons'>search</i> Search
                </a>

                <div class='input-field left hide'>
                    <input id='search-tests' type='text' class='validate browser-default' placeholder='Search Tests...'>
                </div>

            </div>
            <!-- search -->
        </div>
    </section>

    <div class='subview-left left'>

        <div class='view-summary'>
            <h5>Exceptions</h3>
                <ul id='exception-collection' class='exception-collection'>

                        <li class='exception displayed active'>
                            <div class='exception-heading'>
                                <span class='exception-name'>org.openqa.selenium.StaleElementReferenceException</span>
                                <span class='exception-count right'><span class='label red lighten-1 white-text'>7</span></span>
                            </div>
                            <div class='exception-content hide'>
                                <div class='exception-tests'>
                                    <table class='bordered table-results'>
                                        <thead>
                                        <tr>
                                            <th>Timestamp</th>
                                            <th>TestName</th>
                                            <th>Status</th>
                                        </tr>
                                        </thead>
                                        <tbody>
                                                    <tr>
                                                        <td>Dec 23, 2022 08:58:33 PM</td>
                                                        <td class='linked' test-id='19'>Search functionality.Search the buy car with model.Search the buy car with model.And I select make "Honda"</td>
                                                        <td><pre><textarea>org.openqa.selenium.StaleElementReferenceException: stale element reference: element is not attached to the page document
  (Session info: chrome=108.0.5359.125)
For documentation on this error, please visit: https://selenium.dev/exceptions/#stale_element_reference
Build info: version: '4.6.0', revision: '79f1c02ae20'
System info: os.name: 'Windows 10', os.arch: 'amd64', os.version: '10.0', java.version: '1.8.0_121'
Driver info: org.openqa.selenium.chrome.ChromeDriver
Command: [a668dd8faf72224f954cf82f4b4d66ae, getElementTagName {id=6ba765c8-c558-4b81-9417-9d58efd2a757}]
Capabilities {acceptInsecureCerts: false, browserName: chrome, browserVersion: 108.0.5359.125, chrome: {chromedriverVersion: 108.0.5359.71 (1e0e3868ee06..., userDataDir: C:\Users\harsp\AppData\Loca...}, goog:chromeOptions: {debuggerAddress: localhost:49196}, networkConnectionEnabled: false, pageLoadStrategy: normal, platformName: WINDOWS, proxy: Proxy(), se:cdp: ws://localhost:49196/devtoo..., se:cdpVersion: 108.0.5359.125, setWindowRect: true, strictFileInteractability: false, timeouts: {implicit: 0, pageLoad: 300000, script: 30000}, unhandledPromptBehavior: dismiss and notify, webauthn:extension:credBlob: true, webauthn:extension:largeBlob: true, webauthn:virtualAuthenticators: true}
Element: [[ChromeDriver: chrome on WINDOWS (a668dd8faf72224f954cf82f4b4d66ae)] -> xpath: //select[@id='makes']]
Session ID: a668dd8faf72224f954cf82f4b4d66ae
	at sun.reflect.NativeConstructorAccessorImpl.newInstance0(Native Method)
	at sun.reflect.NativeConstructorAccessorImpl.newInstance(NativeConstructorAccessorImpl.java:62)
	at sun.reflect.DelegatingConstructorAccessorImpl.newInstance(DelegatingConstructorAccessorImpl.java:45)
	at java.lang.reflect.Constructor.newInstance(Constructor.java:423)
	at org.openqa.selenium.remote.codec.w3c.W3CHttpResponseCodec.createException(W3CHttpResponseCodec.java:200)
	at org.openqa.selenium.remote.codec.w3c.W3CHttpResponseCodec.decode(W3CHttpResponseCodec.java:133)
	at org.openqa.selenium.remote.codec.w3c.W3CHttpResponseCodec.decode(W3CHttpResponseCodec.java:53)
	at org.openqa.selenium.remote.HttpCommandExecutor.execute(HttpCommandExecutor.java:184)
	at org.openqa.selenium.remote.service.DriverCommandExecutor.invokeExecute(DriverCommandExecutor.java:167)
	at org.openqa.selenium.remote.service.DriverCommandExecutor.execute(DriverCommandExecutor.java:142)
	at org.openqa.selenium.remote.RemoteWebDriver.execute(RemoteWebDriver.java:541)
	at org.openqa.selenium.remote.RemoteWebElement.execute(RemoteWebElement.java:257)
	at org.openqa.selenium.remote.RemoteWebElement.getTagName(RemoteWebElement.java:137)
	at sun.reflect.NativeMethodAccessorImpl.invoke0(Native Method)
	at sun.reflect.NativeMethodAccessorImpl.invoke(NativeMethodAccessorImpl.java:62)
	at sun.reflect.DelegatingMethodAccessorImpl.invoke(DelegatingMethodAccessorImpl.java:43)
	at java.lang.reflect.Method.invoke(Method.java:498)
	at org.openqa.selenium.support.pagefactory.internal.LocatingElementHandler.invoke(LocatingElementHandler.java:52)
	at com.sun.proxy.$Proxy23.getTagName(Unknown Source)
	at org.openqa.selenium.support.ui.Select.<init>(Select.java:46)
	at au.com.carguide.utility.Utility.selectByVisibleTextFromDropDown(Utility.java:149)
	at au.com.carguide.pages.BuyPage.selectMake(BuyPage.java:79)
	at au.com.carguide.steps.BuySteps.iSelectMake(BuySteps.java:36)
	at ✽.And I select make "Honda"(buy.feature:10)
</textarea></pre></td>
                                                    </tr>
                                                    <tr>
                                                        <td>Dec 23, 2022 08:58:48 PM</td>
                                                        <td class='linked' test-id='30'>Search functionality.Search the buy car with model.Search the buy car with model.And I select make "BMW"</td>
                                                        <td><pre><textarea>org.openqa.selenium.StaleElementReferenceException: stale element reference: element is not attached to the page document
  (Session info: chrome=108.0.5359.125)
For documentation on this error, please visit: https://selenium.dev/exceptions/#stale_element_reference
Build info: version: '4.6.0', revision: '79f1c02ae20'
System info: os.name: 'Windows 10', os.arch: 'amd64', os.version: '10.0', java.version: '1.8.0_121'
Driver info: org.openqa.selenium.chrome.ChromeDriver
Command: [5eb171776afd7ce1f8e9c99c331670d1, getElementTagName {id=2d7d07a0-ce84-400f-b027-a96d937bf589}]
Capabilities {acceptInsecureCerts: false, browserName: chrome, browserVersion: 108.0.5359.125, chrome: {chromedriverVersion: 108.0.5359.71 (1e0e3868ee06..., userDataDir: C:\Users\harsp\AppData\Loca...}, goog:chromeOptions: {debuggerAddress: localhost:49369}, networkConnectionEnabled: false, pageLoadStrategy: normal, platformName: WINDOWS, proxy: Proxy(), se:cdp: ws://localhost:49369/devtoo..., se:cdpVersion: 108.0.5359.125, setWindowRect: true, strictFileInteractability: false, timeouts: {implicit: 0, pageLoad: 300000, script: 30000}, unhandledPromptBehavior: dismiss and notify, webauthn:extension:credBlob: true, webauthn:extension:largeBlob: true, webauthn:virtualAuthenticators: true}
Element: [[ChromeDriver: chrome on WINDOWS (5eb171776afd7ce1f8e9c99c331670d1)] -> xpath: //select[@id='makes']]
Session ID: 5eb171776afd7ce1f8e9c99c331670d1
	at sun.reflect.NativeConstructorAccessorImpl.newInstance0(Native Method)
	at sun.reflect.NativeConstructorAccessorImpl.newInstance(NativeConstructorAccessorImpl.java:62)
	at sun.reflect.DelegatingConstructorAccessorImpl.newInstance(DelegatingConstructorAccessorImpl.java:45)
	at java.lang.reflect.Constructor.newInstance(Constructor.java:423)
	at org.openqa.selenium.remote.codec.w3c.W3CHttpResponseCodec.createException(W3CHttpResponseCodec.java:200)
	at org.openqa.selenium.remote.codec.w3c.W3CHttpResponseCodec.decode(W3CHttpResponseCodec.java:133)
	at org.openqa.selenium.remote.codec.w3c.W3CHttpResponseCodec.decode(W3CHttpResponseCodec.java:53)
	at org.openqa.selenium.remote.HttpCommandExecutor.execute(HttpCommandExecutor.java:184)
	at org.openqa.selenium.remote.service.DriverCommandExecutor.invokeExecute(DriverCommandExecutor.java:167)
	at org.openqa.selenium.remote.service.DriverCommandExecutor.execute(DriverCommandExecutor.java:142)
	at org.openqa.selenium.remote.RemoteWebDriver.execute(RemoteWebDriver.java:541)
	at org.openqa.selenium.remote.RemoteWebElement.execute(RemoteWebElement.java:257)
	at org.openqa.selenium.remote.RemoteWebElement.getTagName(RemoteWebElement.java:137)
	at sun.reflect.NativeMethodAccessorImpl.invoke0(Native Method)
	at sun.reflect.NativeMethodAccessorImpl.invoke(NativeMethodAccessorImpl.java:62)
	at sun.reflect.DelegatingMethodAccessorImpl.invoke(DelegatingMethodAccessorImpl.java:43)
	at java.lang.reflect.Method.invoke(Method.java:498)
	at org.openqa.selenium.support.pagefactory.internal.LocatingElementHandler.invoke(LocatingElementHandler.java:52)
	at com.sun.proxy.$Proxy23.getTagName(Unknown Source)
	at org.openqa.selenium.support.ui.Select.<init>(Select.java:46)
	at au.com.carguide.utility.Utility.selectByVisibleTextFromDropDown(Utility.java:149)
	at au.com.carguide.pages.BuyPage.selectMake(BuyPage.java:79)
	at au.com.carguide.steps.BuySteps.iSelectMake(BuySteps.java:36)
	at ✽.And I select make "BMW"(buy.feature:10)
</textarea></pre></td>
                                                    </tr>
                                                    <tr>
                                                        <td>Dec 23, 2022 08:59:02 PM</td>
                                                        <td class='linked' test-id='41'>Search functionality.Search the buy car with model.Search the buy car with model.And I select make "Hyundai"</td>
                                                        <td><pre><pre>org.openqa.selenium.StaleElementReferenceException: stale element reference: element is not attached to the page document
  (Session info: chrome=108.0.5359.125)
For documentation on this error, please visit: https://selenium.dev/exceptions/#stale_element_reference
Build info: version: '4.6.0', revision: '79f1c02ae20'
System info: os.name: 'Windows 10', os.arch: 'amd64', os.version: '10.0', java.version: '1.8.0_121'
Driver info: org.openqa.selenium.chrome.ChromeDriver
Command: [e44d0ee23d796b7772cb7e1cb47423e5, findChildElements {id=e55a1de1-b29c-4eb1-9bc5-b167ed8d4225, using=xpath, value=.//option[normalize-space(.) = "Hyundai"]}]
Capabilities {acceptInsecureCerts: false, browserName: chrome, browserVersion: 108.0.5359.125, chrome: {chromedriverVersion: 108.0.5359.71 (1e0e3868ee06..., userDataDir: C:\Users\harsp\AppData\Loca...}, goog:chromeOptions: {debuggerAddress: localhost:49818}, networkConnectionEnabled: false, pageLoadStrategy: normal, platformName: WINDOWS, proxy: Proxy(), se:cdp: ws://localhost:49818/devtoo..., se:cdpVersion: 108.0.5359.125, setWindowRect: true, strictFileInteractability: false, timeouts: {implicit: 0, pageLoad: 300000, script: 30000}, unhandledPromptBehavior: dismiss and notify, webauthn:extension:credBlob: true, webauthn:extension:largeBlob: true, webauthn:virtualAuthenticators: true}
Session ID: e44d0ee23d796b7772cb7e1cb47423e5
	at sun.reflect.NativeConstructorAccessorImpl.newInstance0(Native Method)
	at sun.reflect.NativeConstructorAccessorImpl.newInstance(NativeConstructorAccessorImpl.java:62)
	at sun.reflect.DelegatingConstructorAccessorImpl.newInstance(DelegatingConstructorAccessorImpl.java:45)
	at java.lang.reflect.Constructor.newInstance(Constructor.java:423)
	at org.openqa.selenium.remote.codec.w3c.W3CHttpResponseCodec.createException(W3CHttpResponseCodec.java:200)
	at org.openqa.selenium.remote.codec.w3c.W3CHttpResponseCodec.decode(W3CHttpResponseCodec.java:133)
	at org.openqa.selenium.remote.codec.w3c.W3CHttpResponseCodec.decode(W3CHttpResponseCodec.java:53)
	at org.openqa.selenium.remote.HttpCommandExecutor.execute(HttpCommandExecutor.java:184)
	at org.openqa.selenium.remote.service.DriverCommandExecutor.invokeExecute(DriverCommandExecutor.java:167)
	at org.openqa.selenium.remote.service.DriverCommandExecutor.execute(DriverCommandExecutor.java:142)
	at org.openqa.selenium.remote.RemoteWebDriver.execute(RemoteWebDriver.java:541)
	at org.openqa.selenium.remote.ElementLocation$ElementFinder$2.findElements(ElementLocation.java:179)
	at org.openqa.selenium.remote.ElementLocation.findElements(ElementLocation.java:102)
	at org.openqa.selenium.remote.RemoteWebDriver.findElements(RemoteWebDriver.java:380)
	at org.openqa.selenium.remote.RemoteWebElement.findElements(RemoteWebElement.java:219)
	at sun.reflect.NativeMethodAccessorImpl.invoke0(Native Method)
	at sun.reflect.NativeMethodAccessorImpl.invoke(NativeMethodAccessorImpl.java:62)
	at sun.reflect.DelegatingMethodAccessorImpl.invoke(DelegatingMethodAccessorImpl.java:43)
	at java.lang.reflect.Method.invoke(Method.java:498)
	at org.openqa.selenium.support.pagefactory.internal.LocatingElementHandler.invoke(LocatingElementHandler.java:52)
	at com.sun.proxy.$Proxy23.findElements(Unknown Source)
	at org.openqa.selenium.support.ui.Select.selectByVisibleText(Select.java:116)
	at au.com.carguide.utility.Utility.selectByVisibleTextFromDropDown(Utility.java:149)
	at au.com.carguide.pages.BuyPage.selectMake(BuyPage.java:79)
	at au.com.carguide.steps.BuySteps.iSelectMake(BuySteps.java:36)
	at ✽.And I select make "Hyundai"(buy.feature:10)
</pre></pre></td>
                                                    </tr>
                                                    <tr>
                                                        <td>Dec 23, 2022 09:00:15 PM</td>
                                                        <td class='linked' test-id='74'>Search functionality.Search the buy car with model.Search the buy car with model.And I select make "Mercedes-Benz"</td>
                                                        <td><pre><textarea>org.openqa.selenium.StaleElementReferenceException: stale element reference: element is not attached to the page document
  (Session info: chrome=108.0.5359.125)
For documentation on this error, please visit: https://selenium.dev/exceptions/#stale_element_reference
Build info: version: '4.6.0', revision: '79f1c02ae20'
System info: os.name: 'Windows 10', os.arch: 'amd64', os.version: '10.0', java.version: '1.8.0_121'
Driver info: org.openqa.selenium.chrome.ChromeDriver
Command: [a80346b605a4331a553dc6ac9cf58ca1, getElementTagName {id=c88efb8a-7289-45b4-8409-68654a7620ff}]
Capabilities {acceptInsecureCerts: false, browserName: chrome, browserVersion: 108.0.5359.125, chrome: {chromedriverVersion: 108.0.5359.71 (1e0e3868ee06..., userDataDir: C:\Users\harsp\AppData\Loca...}, goog:chromeOptions: {debuggerAddress: localhost:50453}, networkConnectionEnabled: false, pageLoadStrategy: normal, platformName: WINDOWS, proxy: Proxy(), se:cdp: ws://localhost:50453/devtoo..., se:cdpVersion: 108.0.5359.125, setWindowRect: true, strictFileInteractability: false, timeouts: {implicit: 0, pageLoad: 300000, script: 30000}, unhandledPromptBehavior: dismiss and notify, webauthn:extension:credBlob: true, webauthn:extension:largeBlob: true, webauthn:virtualAuthenticators: true}
Element: [[ChromeDriver: chrome on WINDOWS (a80346b605a4331a553dc6ac9cf58ca1)] -> xpath: //select[@id='makes']]
Session ID: a80346b605a4331a553dc6ac9cf58ca1
	at sun.reflect.NativeConstructorAccessorImpl.newInstance0(Native Method)
	at sun.reflect.NativeConstructorAccessorImpl.newInstance(NativeConstructorAccessorImpl.java:62)
	at sun.reflect.DelegatingConstructorAccessorImpl.newInstance(DelegatingConstructorAccessorImpl.java:45)
	at java.lang.reflect.Constructor.newInstance(Constructor.java:423)
	at org.openqa.selenium.remote.codec.w3c.W3CHttpResponseCodec.createException(W3CHttpResponseCodec.java:200)
	at org.openqa.selenium.remote.codec.w3c.W3CHttpResponseCodec.decode(W3CHttpResponseCodec.java:133)
	at org.openqa.selenium.remote.codec.w3c.W3CHttpResponseCodec.decode(W3CHttpResponseCodec.java:53)
	at org.openqa.selenium.remote.HttpCommandExecutor.execute(HttpCommandExecutor.java:184)
	at org.openqa.selenium.remote.service.DriverCommandExecutor.invokeExecute(DriverCommandExecutor.java:167)
	at org.openqa.selenium.remote.service.DriverCommandExecutor.execute(DriverCommandExecutor.java:142)
	at org.openqa.selenium.remote.RemoteWebDriver.execute(RemoteWebDriver.java:541)
	at org.openqa.selenium.remote.RemoteWebElement.execute(RemoteWebElement.java:257)
	at org.openqa.selenium.remote.RemoteWebElement.getTagName(RemoteWebElement.java:137)
	at sun.reflect.NativeMethodAccessorImpl.invoke0(Native Method)
	at sun.reflect.NativeMethodAccessorImpl.invoke(NativeMethodAccessorImpl.java:62)
	at sun.reflect.DelegatingMethodAccessorImpl.invoke(DelegatingMethodAccessorImpl.java:43)
	at java.lang.reflect.Method.invoke(Method.java:498)
	at org.openqa.selenium.support.pagefactory.internal.LocatingElementHandler.invoke(LocatingElementHandler.java:52)
	at com.sun.proxy.$Proxy23.getTagName(Unknown Source)
	at org.openqa.selenium.support.ui.Select.<init>(Select.java:46)
	at au.com.carguide.utility.Utility.selectByVisibleTextFromDropDown(Utility.java:149)
	at au.com.carguide.pages.BuyPage.selectMake(BuyPage.java:79)
	at au.com.carguide.steps.BuySteps.iSelectMake(BuySteps.java:36)
	at ✽.And I select make "Mercedes-Benz"(buy.feature:10)
</textarea></pre></td>
                                                    </tr>
                                                    <tr>
                                                        <td>Dec 23, 2022 09:00:59 PM</td>
                                                        <td class='linked' test-id='97'>Search functionality.Search the used car with model.Search the used car with model.And I select make "Honda"</td>
                                                        <td><pre><textarea>org.openqa.selenium.StaleElementReferenceException: stale element reference: element is not attached to the page document
  (Session info: chrome=108.0.5359.125)
For documentation on this error, please visit: https://selenium.dev/exceptions/#stale_element_reference
Build info: version: '4.6.0', revision: '79f1c02ae20'
System info: os.name: 'Windows 10', os.arch: 'amd64', os.version: '10.0', java.version: '1.8.0_121'
Driver info: org.openqa.selenium.chrome.ChromeDriver
Command: [1c0780aff809c9a65386453384c90d73, getElementTagName {id=57d61118-e586-4b93-990e-d2cf7e8e2cb3}]
Capabilities {acceptInsecureCerts: false, browserName: chrome, browserVersion: 108.0.5359.125, chrome: {chromedriverVersion: 108.0.5359.71 (1e0e3868ee06..., userDataDir: C:\Users\harsp\AppData\Loca...}, goog:chromeOptions: {debuggerAddress: localhost:62973}, networkConnectionEnabled: false, pageLoadStrategy: normal, platformName: WINDOWS, proxy: Proxy(), se:cdp: ws://localhost:62973/devtoo..., se:cdpVersion: 108.0.5359.125, setWindowRect: true, strictFileInteractability: false, timeouts: {implicit: 0, pageLoad: 300000, script: 30000}, unhandledPromptBehavior: dismiss and notify, webauthn:extension:credBlob: true, webauthn:extension:largeBlob: true, webauthn:virtualAuthenticators: true}
Element: [[ChromeDriver: chrome on WINDOWS (1c0780aff809c9a65386453384c90d73)] -> xpath: //select[@id='makes']]
Session ID: 1c0780aff809c9a65386453384c90d73
	at sun.reflect.NativeConstructorAccessorImpl.newInstance0(Native Method)
	at sun.reflect.NativeConstructorAccessorImpl.newInstance(NativeConstructorAccessorImpl.java:62)
	at sun.reflect.DelegatingConstructorAccessorImpl.newInstance(DelegatingConstructorAccessorImpl.java:45)
	at java.lang.reflect.Constructor.newInstance(Constructor.java:423)
	at org.openqa.selenium.remote.codec.w3c.W3CHttpResponseCodec.createException(W3CHttpResponseCodec.java:200)
	at org.openqa.selenium.remote.codec.w3c.W3CHttpResponseCodec.decode(W3CHttpResponseCodec.java:133)
	at org.openqa.selenium.remote.codec.w3c.W3CHttpResponseCodec.decode(W3CHttpResponseCodec.java:53)
	at org.openqa.selenium.remote.HttpCommandExecutor.execute(HttpCommandExecutor.java:184)
	at org.openqa.selenium.remote.service.DriverCommandExecutor.invokeExecute(DriverCommandExecutor.java:167)
	at org.openqa.selenium.remote.service.DriverCommandExecutor.execute(DriverCommandExecutor.java:142)
	at org.openqa.selenium.remote.RemoteWebDriver.execute(RemoteWebDriver.java:541)
	at org.openqa.selenium.remote.RemoteWebElement.execute(RemoteWebElement.java:257)
	at org.openqa.selenium.remote.RemoteWebElement.getTagName(RemoteWebElement.java:137)
	at sun.reflect.GeneratedMethodAccessor10.invoke(Unknown Source)
	at sun.reflect.DelegatingMethodAccessorImpl.invoke(DelegatingMethodAccessorImpl.java:43)
	at java.lang.reflect.Method.invoke(Method.java:498)
	at org.openqa.selenium.support.pagefactory.internal.LocatingElementHandler.invoke(LocatingElementHandler.java:52)
	at com.sun.proxy.$Proxy23.getTagName(Unknown Source)
	at org.openqa.selenium.support.ui.Select.<init>(Select.java:46)
	at au.com.carguide.utility.Utility.selectByVisibleTextFromDropDown(Utility.java:149)
	at au.com.carguide.pages.BuyPage.selectMake(BuyPage.java:79)
	at au.com.carguide.steps.BuySteps.iSelectMake(BuySteps.java:36)
	at ✽.And I select make "Honda"(buy.feature:32)
</textarea></pre></td>
                                                    </tr>
                                                    <tr>
                                                        <td>Dec 23, 2022 09:02:13 PM</td>
                                                        <td class='linked' test-id='130'>Search functionality.Search the used car with model.Search the used car with model.And I select make "Kia"</td>
                                                        <td><pre><textarea>org.openqa.selenium.StaleElementReferenceException: stale element reference: element is not attached to the page document
  (Session info: chrome=108.0.5359.125)
For documentation on this error, please visit: https://selenium.dev/exceptions/#stale_element_reference
Build info: version: '4.6.0', revision: '79f1c02ae20'
System info: os.name: 'Windows 10', os.arch: 'amd64', os.version: '10.0', java.version: '1.8.0_121'
Driver info: org.openqa.selenium.chrome.ChromeDriver
Command: [d1cc5a09f2c793c9446cde956ff9ce8d, isElementSelected {id=0e2a66e3-b4f7-4609-bc36-2723d36017fa}]
Capabilities {acceptInsecureCerts: false, browserName: chrome, browserVersion: 108.0.5359.125, chrome: {chromedriverVersion: 108.0.5359.71 (1e0e3868ee06..., userDataDir: C:\Users\harsp\AppData\Loca...}, goog:chromeOptions: {debuggerAddress: localhost:63786}, networkConnectionEnabled: false, pageLoadStrategy: normal, platformName: WINDOWS, proxy: Proxy(), se:cdp: ws://localhost:63786/devtoo..., se:cdpVersion: 108.0.5359.125, setWindowRect: true, strictFileInteractability: false, timeouts: {implicit: 0, pageLoad: 300000, script: 30000}, unhandledPromptBehavior: dismiss and notify, webauthn:extension:credBlob: true, webauthn:extension:largeBlob: true, webauthn:virtualAuthenticators: true}
Element: [[[[ChromeDriver: chrome on WINDOWS (d1cc5a09f2c793c9446cde956ff9ce8d)] -> xpath: //select[@id='makes']]] -> xpath: .//option[normalize-space(.) = "Kia"]]
Session ID: d1cc5a09f2c793c9446cde956ff9ce8d
	at sun.reflect.NativeConstructorAccessorImpl.newInstance0(Native Method)
	at sun.reflect.NativeConstructorAccessorImpl.newInstance(NativeConstructorAccessorImpl.java:62)
	at sun.reflect.DelegatingConstructorAccessorImpl.newInstance(DelegatingConstructorAccessorImpl.java:45)
	at java.lang.reflect.Constructor.newInstance(Constructor.java:423)
	at org.openqa.selenium.remote.codec.w3c.W3CHttpResponseCodec.createException(W3CHttpResponseCodec.java:200)
	at org.openqa.selenium.remote.codec.w3c.W3CHttpResponseCodec.decode(W3CHttpResponseCodec.java:133)
	at org.openqa.selenium.remote.codec.w3c.W3CHttpResponseCodec.decode(W3CHttpResponseCodec.java:53)
	at org.openqa.selenium.remote.HttpCommandExecutor.execute(HttpCommandExecutor.java:184)
	at org.openqa.selenium.remote.service.DriverCommandExecutor.invokeExecute(DriverCommandExecutor.java:167)
	at org.openqa.selenium.remote.service.DriverCommandExecutor.execute(DriverCommandExecutor.java:142)
	at org.openqa.selenium.remote.RemoteWebDriver.execute(RemoteWebDriver.java:541)
	at org.openqa.selenium.remote.RemoteWebElement.execute(RemoteWebElement.java:257)
	at org.openqa.selenium.remote.RemoteWebElement.isSelected(RemoteWebElement.java:185)
	at org.openqa.selenium.support.ui.Select.setSelected(Select.java:319)
	at org.openqa.selenium.support.ui.Select.selectByVisibleText(Select.java:119)
	at au.com.carguide.utility.Utility.selectByVisibleTextFromDropDown(Utility.java:149)
	at au.com.carguide.pages.BuyPage.selectMake(BuyPage.java:79)
	at au.com.carguide.steps.BuySteps.iSelectMake(BuySteps.java:36)
	at ✽.And I select make "Kia"(buy.feature:32)
</textarea></pre></td>
                                                    </tr>
                                                    <tr>
                                                        <td>Dec 23, 2022 09:02:55 PM</td>
                                                        <td class='linked' test-id='152'>Search functionality.Search the used car with model.Search the used car with model.And I select make "Mercedes-Benz"</td>
                                                        <td><pre><textarea>org.openqa.selenium.StaleElementReferenceException: stale element reference: element is not attached to the page document
  (Session info: chrome=108.0.5359.125)
For documentation on this error, please visit: https://selenium.dev/exceptions/#stale_element_reference
Build info: version: '4.6.0', revision: '79f1c02ae20'
System info: os.name: 'Windows 10', os.arch: 'amd64', os.version: '10.0', java.version: '1.8.0_121'
Driver info: org.openqa.selenium.chrome.ChromeDriver
Command: [d7fd7344d0327ea403b00ad918ac7c21, clickElement {id=165e2288-540f-4d8b-be12-f0e0706959f2}]
Capabilities {acceptInsecureCerts: false, browserName: chrome, browserVersion: 108.0.5359.125, chrome: {chromedriverVersion: 108.0.5359.71 (1e0e3868ee06..., userDataDir: C:\Users\harsp\AppData\Loca...}, goog:chromeOptions: {debuggerAddress: localhost:57858}, networkConnectionEnabled: false, pageLoadStrategy: normal, platformName: WINDOWS, proxy: Proxy(), se:cdp: ws://localhost:57858/devtoo..., se:cdpVersion: 108.0.5359.125, setWindowRect: true, strictFileInteractability: false, timeouts: {implicit: 0, pageLoad: 300000, script: 30000}, unhandledPromptBehavior: dismiss and notify, webauthn:extension:credBlob: true, webauthn:extension:largeBlob: true, webauthn:virtualAuthenticators: true}
Element: [[[[ChromeDriver: chrome on WINDOWS (d7fd7344d0327ea403b00ad918ac7c21)] -> xpath: //select[@id='makes']]] -> xpath: .//option[normalize-space(.) = "Mercedes-Benz"]]
Session ID: d7fd7344d0327ea403b00ad918ac7c21
	at sun.reflect.NativeConstructorAccessorImpl.newInstance0(Native Method)
	at sun.reflect.NativeConstructorAccessorImpl.newInstance(NativeConstructorAccessorImpl.java:62)
	at sun.reflect.DelegatingConstructorAccessorImpl.newInstance(DelegatingConstructorAccessorImpl.java:45)
	at java.lang.reflect.Constructor.newInstance(Constructor.java:423)
	at org.openqa.selenium.remote.codec.w3c.W3CHttpResponseCodec.createException(W3CHttpResponseCodec.java:200)
	at org.openqa.selenium.remote.codec.w3c.W3CHttpResponseCodec.decode(W3CHttpResponseCodec.java:133)
	at org.openqa.selenium.remote.codec.w3c.W3CHttpResponseCodec.decode(W3CHttpResponseCodec.java:53)
	at org.openqa.selenium.remote.HttpCommandExecutor.execute(HttpCommandExecutor.java:184)
	at org.openqa.selenium.remote.service.DriverCommandExecutor.invokeExecute(DriverCommandExecutor.java:167)
	at org.openqa.selenium.remote.service.DriverCommandExecutor.execute(DriverCommandExecutor.java:142)
	at org.openqa.selenium.remote.RemoteWebDriver.execute(RemoteWebDriver.java:541)
	at org.openqa.selenium.remote.RemoteWebElement.execute(RemoteWebElement.java:257)
	at org.openqa.selenium.remote.RemoteWebElement.click(RemoteWebElement.java:78)
	at org.openqa.selenium.support.ui.Select.setSelected(Select.java:320)
	at org.openqa.selenium.support.ui.Select.selectByVisibleText(Select.java:119)
	at au.com.carguide.utility.Utility.selectByVisibleTextFromDropDown(Utility.java:149)
	at au.com.carguide.pages.BuyPage.selectMake(BuyPage.java:79)
	at au.com.carguide.steps.BuySteps.iSelectMake(BuySteps.java:36)
	at ✽.And I select make "Mercedes-Benz"(buy.feature:32)
</textarea></pre></td>
                                                    </tr>
                                        </tbody>
                                    </table>
                                </div>
                            </div>
                        </li>
                        <li class='exception displayed active'>
                            <div class='exception-heading'>
                                <span class='exception-name'>org.openqa.selenium.ElementNotInteractableException</span>
                                <span class='exception-count right'><span class='label red lighten-1 white-text'>1</span></span>
                            </div>
                            <div class='exception-content hide'>
                                <div class='exception-tests'>
                                    <table class='bordered table-results'>
                                        <thead>
                                        <tr>
                                            <th>Timestamp</th>
                                            <th>TestName</th>
                                            <th>Status</th>
                                        </tr>
                                        </thead>
                                        <tbody>
                                                    <tr>
                                                        <td>Dec 23, 2022 09:04:52 PM</td>
                                                        <td class='linked' test-id='199'>Find the dealers and verify.Find the dealers and verify the dealers are in list.Find the dealers and verify the dealers are in list.And I click ‘Find a Dealer’</td>
                                                        <td><pre><textarea>org.openqa.selenium.ElementNotInteractableException: element not interactable
  (Session info: chrome=108.0.5359.125)
Build info: version: '4.6.0', revision: '79f1c02ae20'
System info: os.name: 'Windows 10', os.arch: 'amd64', os.version: '10.0', java.version: '1.8.0_121'
Driver info: org.openqa.selenium.chrome.ChromeDriver
Command: [f336addf73d0fbffd78abc2123b68a95, clickElement {id=634d36ae-d0c1-48c9-9101-139116c498b2}]
Capabilities {acceptInsecureCerts: false, browserName: chrome, browserVersion: 108.0.5359.125, chrome: {chromedriverVersion: 108.0.5359.71 (1e0e3868ee06..., userDataDir: C:\Users\harsp\AppData\Loca...}, goog:chromeOptions: {debuggerAddress: localhost:65271}, networkConnectionEnabled: false, pageLoadStrategy: normal, platformName: WINDOWS, proxy: Proxy(), se:cdp: ws://localhost:65271/devtoo..., se:cdpVersion: 108.0.5359.125, setWindowRect: true, strictFileInteractability: false, timeouts: {implicit: 0, pageLoad: 300000, script: 30000}, unhandledPromptBehavior: dismiss and notify, webauthn:extension:credBlob: true, webauthn:extension:largeBlob: true, webauthn:virtualAuthenticators: true}
Element: [[ChromeDriver: chrome on WINDOWS (f336addf73d0fbffd78abc2123b68a95)] -> xpath: //a[contains(text(), 'Find a Dealer')]]
Session ID: f336addf73d0fbffd78abc2123b68a95
	at sun.reflect.NativeConstructorAccessorImpl.newInstance0(Native Method)
	at sun.reflect.NativeConstructorAccessorImpl.newInstance(NativeConstructorAccessorImpl.java:62)
	at sun.reflect.DelegatingConstructorAccessorImpl.newInstance(DelegatingConstructorAccessorImpl.java:45)
	at java.lang.reflect.Constructor.newInstance(Constructor.java:423)
	at org.openqa.selenium.remote.codec.w3c.W3CHttpResponseCodec.createException(W3CHttpResponseCodec.java:200)
	at org.openqa.selenium.remote.codec.w3c.W3CHttpResponseCodec.decode(W3CHttpResponseCodec.java:133)
	at org.openqa.selenium.remote.codec.w3c.W3CHttpResponseCodec.decode(W3CHttpResponseCodec.java:53)
	at org.openqa.selenium.remote.HttpCommandExecutor.execute(HttpCommandExecutor.java:184)
	at org.openqa.selenium.remote.service.DriverCommandExecutor.invokeExecute(DriverCommandExecutor.java:167)
	at org.openqa.selenium.remote.service.DriverCommandExecutor.execute(DriverCommandExecutor.java:142)
	at org.openqa.selenium.remote.RemoteWebDriver.execute(RemoteWebDriver.java:541)
	at org.openqa.selenium.remote.RemoteWebElement.execute(RemoteWebElement.java:257)
	at org.openqa.selenium.remote.RemoteWebElement.click(RemoteWebElement.java:78)
	at sun.reflect.GeneratedMethodAccessor19.invoke(Unknown Source)
	at sun.reflect.DelegatingMethodAccessorImpl.invoke(DelegatingMethodAccessorImpl.java:43)
	at java.lang.reflect.Method.invoke(Method.java:498)
	at org.openqa.selenium.support.pagefactory.internal.LocatingElementHandler.invoke(LocatingElementHandler.java:52)
	at com.sun.proxy.$Proxy23.click(Unknown Source)
	at au.com.carguide.utility.Utility.clickOnElement(Utility.java:54)
	at au.com.carguide.pages.FindDealerPage.clickOnFindADealerLink(FindDealerPage.java:37)
	at au.com.carguide.steps.FindDealersSteps.iClickFindADealer(FindDealersSteps.java:10)
	at ✽.And I click ‘Find a Dealer’(finddealers.feature:8)
</textarea></pre></td>
                                                    </tr>
                                        </tbody>
                                    </table>
                                </div>
                            </div>
                        </li>
                </ul>
        </div>
    </div>

    <div class='subview-right left'>
        <div class='view-summary'>
            <h5 class='exception-name'></h5>
        </div>
    </div>
</div>
<!-- exception view -->
<div id='dashboard-view' class='view hide'>
	<div class='card-panel transparent np-v'>
		<h5>Dashboard</h5>

		<div class='row'>
			<div class='col s2'>
				<div class='card-panel r'>
					Features
					<div class='panel-lead'>2</div>
				</div>
			</div>
			<div class='col s2'>
				<div class='card-panel r'>
					Scenarios
					<div class='panel-lead'>21</div>
				</div>
			</div>
			<div class='col s2'>
				<div class='card-panel r'>
					Steps
					<div class='panel-lead'>175</div>
				</div>
			</div>
			<div class='col s2'>
				<div class='card-panel r'>
					Start
					<div class='panel-lead'>Dec 23, 2022 08:57:59 PM</div>
				</div>
			</div>
			<div class='col s2'>
				<div class='card-panel r'>
			 		End
			 		<div class='panel-lead'>Dec 23, 2022 09:05:15 PM</div>
				</div>
			</div>
			<div class='col s2'>
				<div class='card-panel r'>
					Time Taken
					<div class='panel-lead'>435,695ms</div>
				</div>
			</div>
			<div class='col s4'>
				<div class='card-panel dashboard-environment'>
					<span class='right label cyan white-text'>Environment</span><p>&nbsp;</p>
					
					<table>
						<tr>
							<th>Name</th>
							<th>Value</th>
						</tr>
							<tr>
								<td>User Name</td>
								<td>harsp</td>
							</tr>
							<tr>
								<td>Time Zone</td>
								<td>Europe/London</td>
							</tr>
							<tr>
								<td>Machine</td>
								<td>Windows 1064 Bit</td>
							</tr>
							<tr>
								<td>Selenium</td>
								<td>3.141.59</td>
							</tr>
							<tr>
								<td>Maven</td>
								<td>3.5.9</td>
							</tr>
							<tr>
								<td>Java Version</td>
								<td>1.8.0_151</td>
							</tr>
					</table>
				</div>
			</div>
			<div class='col s6'>
				<div class='card-panel dashboard-categories'>
					<span class='right label cyan white-text'>Categories</span><p>&nbsp;</p>
					
					<table>
						<tr>
							<th>Name</th>
							<th>Passed</th>
							<th>Failed</th>
							<th>Others</th>
							<th>Passed %</th>
						</tr>
						<tr>
							<td>@regression</td>
							<td>13</td>
							<td>10</td>
							<td>0</td>
							<td>
									56.522%
							</td>
						</tr>
						<tr>
							<td>@sanity</td>
							<td>3</td>
							<td>4</td>
							<td>0</td>
							<td>
									42.857%
							</td>
						</tr>
						<tr>
							<td>@smoke</td>
							<td>10</td>
							<td>4</td>
							<td>0</td>
							<td>
									71.429%
							</td>
						</tr>
					</table>
				</div>
			</div>
		</div>
	</div>
</div>
<!-- dashboard view -->
<!-- testrunner-logs view -->
		</div>
		<!-- container -->

		<script>
			var statusGroup = {
				passParent: 0,
				failParent: 2,
				fatalParent: 0,
				errorParent: 0,
				warningParent: 0,
				skipParent: 0,
				exceptionsParent: 2,
				
				passChild: 13,
				failChild: 8,
				fatalChild: 0,
				errorChild: 0,
				warningChild: 0,
				skipChild: 0,
				infoChild: 0,
				exceptionsChild: 8,
				
				passGrandChild: 130,
				failGrandChild: 8,
				fatalGrandChild: 0,
				errorGrandChild: 0,
				warningGrandChild: 0,
				skipGrandChild: 37,
				infoGrandChild: 0,
				exceptionsGrandChild: 45,
			};
		</script>
		
			<script src='https://cdn.rawgit.com/anshooarora/extentreports-java/fca20fb7653aade98810546ab96a2a4360e3e712/dist/js/extent.js' type='text/javascript'></script>
		
		
 		<script type='text/javascript'>
 			
            
        $(document).ready(function() {

        });
      
        
 		</script>
	</body>
	
</html>
